23:25:01 INFO  application.AppManager - Start in browser CHROME
23:25:02 INFO  tests.TestBase - Start method  --> smokeTest
23:25:02 INFO  tests.TestBase - End of method --> smokeTest
23:25:04 INFO  application.AppManager - Start in browser CHROME
23:25:06 INFO  tests.TestBase - Start method  --> quicktest
23:25:06 INFO  tests.TestBase - End of method --> quicktest
23:25:08 INFO  application.AppManager - Start in browser CHROME
23:25:09 INFO  tests.TestBase - Start method  --> loginTestBase
23:25:09 INFO  application.MyListener - Start find element by -->By.xpath: //*[.='Sign Out']
23:25:19 INFO  application.MyListener - The element -->By.xpath: //*[.='Sign Out']was found
23:25:19 INFO  application.MyListener - Start find element by -->By.xpath: //a[.='LOGIN']
23:25:19 INFO  application.MyListener - The element -->By.xpath: //a[.='LOGIN']was found
23:25:19 INFO  application.MyListener - Start find element by -->By.xpath: //input[@placeholder='Email']
23:25:19 INFO  application.MyListener - The element -->By.xpath: //input[@placeholder='Email']was found
23:25:19 INFO  application.MyListener - Start find element by -->By.xpath: //input[@placeholder='Password']
23:25:19 INFO  application.MyListener - The element -->By.xpath: //input[@placeholder='Password']was found
23:25:19 INFO  tests.TestBase - Login with --> email: "anat@gmail.com", password: "Aa12345$"
23:25:19 INFO  application.MyListener - Start find element by -->By.xpath: //button[.=' Login']
23:25:19 INFO  application.MyListener - The element -->By.xpath: //button[.=' Login']was found
23:25:20 INFO  application.MyListener - Start find element by -->By.xpath: //*[.='Sign Out']
23:25:20 INFO  application.MyListener - The element -->By.xpath: //*[.='Sign Out']was found
23:25:20 INFO  application.MyListener - Start find element by -->By.xpath: //*[.='Sign Out']
23:25:20 INFO  application.MyListener - The element -->By.xpath: //*[.='Sign Out']was found
23:25:20 INFO  tests.TestBase - End of method --> loginTestBase
23:25:20 INFO  tests.TestBase - Start method  --> loginTestDP_CSV
23:25:20 INFO  application.MyListener - Start find element by -->By.xpath: //*[.='Sign Out']
23:25:20 INFO  application.MyListener - The element -->By.xpath: //*[.='Sign Out']was found
23:25:20 INFO  application.MyListener - Start find element by -->By.xpath: //*[.='Sign Out']
23:25:20 INFO  application.MyListener - The element -->By.xpath: //*[.='Sign Out']was found
23:25:20 INFO  application.MyListener - Start find element by -->By.xpath: //a[.='LOGIN']
23:25:20 INFO  application.MyListener - The element -->By.xpath: //a[.='LOGIN']was found
23:25:20 INFO  application.MyListener - Start find element by -->By.xpath: //input[@placeholder='Email']
23:25:20 INFO  application.MyListener - The element -->By.xpath: //input[@placeholder='Email']was found
23:25:21 INFO  application.MyListener - Start find element by -->By.xpath: //input[@placeholder='Password']
23:25:21 INFO  application.MyListener - The element -->By.xpath: //input[@placeholder='Password']was found
23:25:21 INFO  tests.TestBase - Login with --> email: "anat@gmail.com", password: "Aa12345$"
23:25:21 INFO  application.MyListener - Start find element by -->By.xpath: //button[.=' Login']
23:25:21 INFO  application.MyListener - The element -->By.xpath: //button[.=' Login']was found
23:25:21 INFO  application.MyListener - Start find element by -->By.xpath: //*[.='Sign Out']
23:25:21 INFO  application.MyListener - The element -->By.xpath: //*[.='Sign Out']was found
23:25:21 INFO  application.MyListener - Start find element by -->By.xpath: //*[.='Sign Out']
23:25:21 INFO  application.MyListener - The element -->By.xpath: //*[.='Sign Out']was found
23:25:21 INFO  tests.TestBase - End of method --> loginTestDP_CSV
23:25:21 INFO  tests.TestBase - Start method  --> loginTestDP_CSV
23:25:21 INFO  application.MyListener - Start find element by -->By.xpath: //*[.='Sign Out']
23:25:21 INFO  application.MyListener - The element -->By.xpath: //*[.='Sign Out']was found
23:25:21 INFO  application.MyListener - Start find element by -->By.xpath: //*[.='Sign Out']
23:25:21 INFO  application.MyListener - The element -->By.xpath: //*[.='Sign Out']was found
23:25:21 INFO  application.MyListener - Start find element by -->By.xpath: //a[.='LOGIN']
23:25:21 INFO  application.MyListener - The element -->By.xpath: //a[.='LOGIN']was found
23:25:21 INFO  application.MyListener - Start find element by -->By.xpath: //input[@placeholder='Email']
23:25:21 INFO  application.MyListener - The element -->By.xpath: //input[@placeholder='Email']was found
23:25:21 INFO  application.MyListener - Start find element by -->By.xpath: //input[@placeholder='Password']
23:25:21 INFO  application.MyListener - The element -->By.xpath: //input[@placeholder='Password']was found
23:25:21 INFO  tests.TestBase - Login with --> email: "anata@gmail.com", password: "Aa12345$"
23:25:21 INFO  application.MyListener - Start find element by -->By.xpath: //button[.=' Login']
23:25:21 INFO  application.MyListener - The element -->By.xpath: //button[.=' Login']was found
23:25:21 INFO  application.MyListener - Start find element by -->By.xpath: //*[.='Sign Out']
23:25:22 INFO  application.MyListener - The element -->By.xpath: //*[.='Sign Out']was found
23:25:22 INFO  application.MyListener - Start find element by -->By.xpath: //*[.='Sign Out']
23:25:22 INFO  application.MyListener - The element -->By.xpath: //*[.='Sign Out']was found
23:25:22 INFO  tests.TestBase - End of method --> loginTestDP_CSV
23:25:22 INFO  tests.TestBase - Start method  --> loginTestDP_CSV
23:25:22 INFO  application.MyListener - Start find element by -->By.xpath: //*[.='Sign Out']
23:25:22 INFO  application.MyListener - The element -->By.xpath: //*[.='Sign Out']was found
23:25:22 INFO  application.MyListener - Start find element by -->By.xpath: //*[.='Sign Out']
23:25:22 INFO  application.MyListener - The element -->By.xpath: //*[.='Sign Out']was found
23:25:22 INFO  application.MyListener - Start find element by -->By.xpath: //a[.='LOGIN']
23:25:22 INFO  application.MyListener - The element -->By.xpath: //a[.='LOGIN']was found
23:25:22 INFO  application.MyListener - Start find element by -->By.xpath: //input[@placeholder='Email']
23:25:22 INFO  application.MyListener - The element -->By.xpath: //input[@placeholder='Email']was found
23:25:22 INFO  application.MyListener - Start find element by -->By.xpath: //input[@placeholder='Password']
23:25:22 INFO  application.MyListener - The element -->By.xpath: //input[@placeholder='Password']was found
23:25:22 INFO  tests.TestBase - Login with --> email: "anatan@gmail.com", password: "Aa12345$"
23:25:22 INFO  application.MyListener - Start find element by -->By.xpath: //button[.=' Login']
23:25:22 INFO  application.MyListener - The element -->By.xpath: //button[.=' Login']was found
23:25:22 INFO  application.MyListener - Start find element by -->By.xpath: //*[.='Sign Out']
23:25:22 INFO  application.MyListener - The element -->By.xpath: //*[.='Sign Out']was found
23:25:22 INFO  application.MyListener - Start find element by -->By.xpath: //*[.='Sign Out']
23:25:22 INFO  application.MyListener - The element -->By.xpath: //*[.='Sign Out']was found
23:25:22 INFO  tests.TestBase - End of method --> loginTestDP_CSV
23:25:22 INFO  tests.TestBase - Start method  --> loginTestDataProviderClass
23:25:22 INFO  application.MyListener - Start find element by -->By.xpath: //*[.='Sign Out']
23:25:22 INFO  application.MyListener - The element -->By.xpath: //*[.='Sign Out']was found
23:25:22 INFO  application.MyListener - Start find element by -->By.xpath: //*[.='Sign Out']
23:25:22 INFO  application.MyListener - The element -->By.xpath: //*[.='Sign Out']was found
23:25:22 INFO  application.MyListener - Start find element by -->By.xpath: //a[.='LOGIN']
23:25:22 INFO  application.MyListener - The element -->By.xpath: //a[.='LOGIN']was found
23:25:22 INFO  application.MyListener - Start find element by -->By.xpath: //input[@placeholder='Email']
23:25:22 INFO  application.MyListener - The element -->By.xpath: //input[@placeholder='Email']was found
23:25:23 INFO  application.MyListener - Start find element by -->By.xpath: //input[@placeholder='Password']
23:25:23 INFO  application.MyListener - The element -->By.xpath: //input[@placeholder='Password']was found
23:25:23 INFO  application.MyListener - Start find element by -->By.xpath: //button[.=' Login']
23:25:23 INFO  application.MyListener - The element -->By.xpath: //button[.=' Login']was found
23:25:23 INFO  application.MyListener - Start find element by -->By.xpath: //a[.='CONTACTS']
23:25:23 INFO  application.MyListener - The element -->By.xpath: //a[.='CONTACTS']was found
23:25:23 INFO  application.MyListener - Start find element by -->By.xpath: //*[.='Sign Out']
23:25:23 INFO  application.MyListener - The element -->By.xpath: //*[.='Sign Out']was found
23:25:23 INFO  tests.TestBase - End of method --> loginTestDataProviderClass
23:25:23 INFO  tests.TestBase - Start method  --> loginTestDataProviderClass
23:25:23 INFO  application.MyListener - Start find element by -->By.xpath: //*[.='Sign Out']
23:25:23 INFO  application.MyListener - The element -->By.xpath: //*[.='Sign Out']was found
23:25:23 INFO  application.MyListener - Start find element by -->By.xpath: //*[.='Sign Out']
23:25:23 INFO  application.MyListener - The element -->By.xpath: //*[.='Sign Out']was found
23:25:23 INFO  application.MyListener - Start find element by -->By.xpath: //a[.='LOGIN']
23:25:23 INFO  application.MyListener - The element -->By.xpath: //a[.='LOGIN']was found
23:25:23 INFO  application.MyListener - Start find element by -->By.xpath: //input[@placeholder='Email']
23:25:23 INFO  application.MyListener - The element -->By.xpath: //input[@placeholder='Email']was found
23:25:23 INFO  application.MyListener - Start find element by -->By.xpath: //input[@placeholder='Password']
23:25:23 INFO  application.MyListener - The element -->By.xpath: //input[@placeholder='Password']was found
23:25:23 INFO  application.MyListener - Start find element by -->By.xpath: //button[.=' Login']
23:25:23 INFO  application.MyListener - The element -->By.xpath: //button[.=' Login']was found
23:25:23 INFO  application.MyListener - Start find element by -->By.xpath: //a[.='CONTACTS']
23:25:24 INFO  application.MyListener - The element -->By.xpath: //a[.='CONTACTS']was found
23:25:24 INFO  application.MyListener - Start find element by -->By.xpath: //*[.='Sign Out']
23:25:24 INFO  application.MyListener - The element -->By.xpath: //*[.='Sign Out']was found
23:25:24 INFO  tests.TestBase - End of method --> loginTestDataProviderClass
23:25:24 INFO  tests.TestBase - Start method  --> loginTestDataProviderClass
23:25:24 INFO  application.MyListener - Start find element by -->By.xpath: //*[.='Sign Out']
23:25:24 INFO  application.MyListener - The element -->By.xpath: //*[.='Sign Out']was found
23:25:24 INFO  application.MyListener - Start find element by -->By.xpath: //*[.='Sign Out']
23:25:24 INFO  application.MyListener - The element -->By.xpath: //*[.='Sign Out']was found
23:25:24 INFO  application.MyListener - Start find element by -->By.xpath: //a[.='LOGIN']
23:25:24 INFO  application.MyListener - The element -->By.xpath: //a[.='LOGIN']was found
23:25:24 INFO  application.MyListener - Start find element by -->By.xpath: //input[@placeholder='Email']
23:25:24 INFO  application.MyListener - The element -->By.xpath: //input[@placeholder='Email']was found
23:25:24 INFO  application.MyListener - Start find element by -->By.xpath: //input[@placeholder='Password']
23:25:24 INFO  application.MyListener - The element -->By.xpath: //input[@placeholder='Password']was found
23:25:24 INFO  application.MyListener - Start find element by -->By.xpath: //button[.=' Login']
23:25:24 INFO  application.MyListener - The element -->By.xpath: //button[.=' Login']was found
23:25:24 INFO  application.MyListener - Start find element by -->By.xpath: //a[.='CONTACTS']
23:25:24 INFO  application.MyListener - The element -->By.xpath: //a[.='CONTACTS']was found
23:25:24 INFO  application.MyListener - Start find element by -->By.xpath: //*[.='Sign Out']
23:25:24 INFO  application.MyListener - The element -->By.xpath: //*[.='Sign Out']was found
23:25:24 INFO  tests.TestBase - End of method --> loginTestDataProviderClass
