23:23:24 INFO  application.AppManager - Start in browser CHROME
23:23:25 INFO  tests.TestBase - Start method  --> smokeTest
23:23:25 INFO  tests.TestBase - End of method --> smokeTest
23:23:27 INFO  application.AppManager - Start in browser CHROME
23:23:28 INFO  tests.TestBase - Start method  --> quicktest
23:23:28 INFO  tests.TestBase - End of method --> quicktest
23:23:31 INFO  application.AppManager - Start in browser CHROME
23:23:32 INFO  tests.TestBase - Start method  --> loginTestBase
23:23:32 INFO  application.MyListener - Start find element by -->By.xpath: //*[.='Sign Out']
23:23:42 INFO  application.MyListener - The element -->By.xpath: //*[.='Sign Out']was found
23:23:42 INFO  application.MyListener - Start find element by -->By.xpath: //a[.='LOGIN']
23:23:42 INFO  application.MyListener - The element -->By.xpath: //a[.='LOGIN']was found
23:23:42 INFO  application.MyListener - Start find element by -->By.xpath: //input[@placeholder='Email']
23:23:42 INFO  application.MyListener - The element -->By.xpath: //input[@placeholder='Email']was found
23:23:42 INFO  application.MyListener - Start find element by -->By.xpath: //input[@placeholder='Password']
23:23:42 INFO  application.MyListener - The element -->By.xpath: //input[@placeholder='Password']was found
23:23:42 INFO  tests.TestBase - Login with --> email: "anat@gmail.com", password: "Aa12345$"
23:23:42 INFO  application.MyListener - Start find element by -->By.xpath: //button[.=' Login']
23:23:42 INFO  application.MyListener - The element -->By.xpath: //button[.=' Login']was found
23:23:42 INFO  application.MyListener - Start find element by -->By.xpath: //*[.='Sign Out']
23:23:43 INFO  application.MyListener - The element -->By.xpath: //*[.='Sign Out']was found
23:23:43 INFO  application.MyListener - Start find element by -->By.xpath: //*[.='Sign Out']
23:23:43 INFO  application.MyListener - The element -->By.xpath: //*[.='Sign Out']was found
23:23:43 INFO  tests.TestBase - End of method --> loginTestBase
23:23:43 INFO  tests.TestBase - Start method  --> loginTestDP_CSV
23:23:43 INFO  application.MyListener - Start find element by -->By.xpath: //*[.='Sign Out']
23:23:43 INFO  application.MyListener - The element -->By.xpath: //*[.='Sign Out']was found
23:23:43 INFO  application.MyListener - Start find element by -->By.xpath: //*[.='Sign Out']
23:23:43 INFO  application.MyListener - The element -->By.xpath: //*[.='Sign Out']was found
23:23:44 INFO  application.MyListener - Start find element by -->By.xpath: //a[.='LOGIN']
23:23:44 INFO  application.MyListener - The element -->By.xpath: //a[.='LOGIN']was found
23:23:44 INFO  application.MyListener - Start find element by -->By.xpath: //input[@placeholder='Email']
23:23:44 INFO  application.MyListener - The element -->By.xpath: //input[@placeholder='Email']was found
23:23:44 INFO  application.MyListener - Start find element by -->By.xpath: //input[@placeholder='Password']
23:23:44 INFO  application.MyListener - The element -->By.xpath: //input[@placeholder='Password']was found
23:23:44 INFO  tests.TestBase - Login with --> email: "anat@gmail.com", password: "Aa12345$"
23:23:44 INFO  application.MyListener - Start find element by -->By.xpath: //button[.=' Login']
23:23:44 INFO  application.MyListener - The element -->By.xpath: //button[.=' Login']was found
23:23:44 INFO  application.MyListener - Start find element by -->By.xpath: //*[.='Sign Out']
23:23:44 INFO  application.MyListener - The element -->By.xpath: //*[.='Sign Out']was found
23:23:44 INFO  application.MyListener - Start find element by -->By.xpath: //*[.='Sign Out']
23:23:44 INFO  application.MyListener - The element -->By.xpath: //*[.='Sign Out']was found
23:23:44 INFO  tests.TestBase - End of method --> loginTestDP_CSV
23:23:44 INFO  tests.TestBase - Start method  --> loginTestDP_CSV
23:23:44 INFO  application.MyListener - Start find element by -->By.xpath: //*[.='Sign Out']
23:23:44 INFO  application.MyListener - The element -->By.xpath: //*[.='Sign Out']was found
23:23:44 INFO  application.MyListener - Start find element by -->By.xpath: //*[.='Sign Out']
23:23:44 INFO  application.MyListener - The element -->By.xpath: //*[.='Sign Out']was found
23:23:44 INFO  application.MyListener - Start find element by -->By.xpath: //a[.='LOGIN']
23:23:44 INFO  application.MyListener - The element -->By.xpath: //a[.='LOGIN']was found
23:23:44 INFO  application.MyListener - Start find element by -->By.xpath: //input[@placeholder='Email']
23:23:44 INFO  application.MyListener - The element -->By.xpath: //input[@placeholder='Email']was found
23:23:44 INFO  application.MyListener - Start find element by -->By.xpath: //input[@placeholder='Password']
23:23:44 INFO  application.MyListener - The element -->By.xpath: //input[@placeholder='Password']was found
23:23:45 INFO  tests.TestBase - Login with --> email: "anata@gmail.com", password: "Aa12345$"
23:23:45 INFO  application.MyListener - Start find element by -->By.xpath: //button[.=' Login']
23:23:45 INFO  application.MyListener - The element -->By.xpath: //button[.=' Login']was found
23:23:45 INFO  application.MyListener - Start find element by -->By.xpath: //*[.='Sign Out']
23:23:45 INFO  application.MyListener - The element -->By.xpath: //*[.='Sign Out']was found
23:23:45 INFO  application.MyListener - Start find element by -->By.xpath: //*[.='Sign Out']
23:23:45 INFO  application.MyListener - The element -->By.xpath: //*[.='Sign Out']was found
23:23:45 INFO  tests.TestBase - End of method --> loginTestDP_CSV
23:23:45 INFO  tests.TestBase - Start method  --> loginTestDP_CSV
23:23:45 INFO  application.MyListener - Start find element by -->By.xpath: //*[.='Sign Out']
23:23:45 INFO  application.MyListener - The element -->By.xpath: //*[.='Sign Out']was found
23:23:45 INFO  application.MyListener - Start find element by -->By.xpath: //*[.='Sign Out']
23:23:45 INFO  application.MyListener - The element -->By.xpath: //*[.='Sign Out']was found
23:23:45 INFO  application.MyListener - Start find element by -->By.xpath: //a[.='LOGIN']
23:23:45 INFO  application.MyListener - The element -->By.xpath: //a[.='LOGIN']was found
23:23:45 INFO  application.MyListener - Start find element by -->By.xpath: //input[@placeholder='Email']
23:23:45 INFO  application.MyListener - The element -->By.xpath: //input[@placeholder='Email']was found
23:23:45 INFO  application.MyListener - Start find element by -->By.xpath: //input[@placeholder='Password']
23:23:45 INFO  application.MyListener - The element -->By.xpath: //input[@placeholder='Password']was found
23:23:45 INFO  tests.TestBase - Login with --> email: "anatan@gmail.com", password: "Aa12345$"
23:23:45 INFO  application.MyListener - Start find element by -->By.xpath: //button[.=' Login']
23:23:45 INFO  application.MyListener - The element -->By.xpath: //button[.=' Login']was found
23:23:45 INFO  application.MyListener - Start find element by -->By.xpath: //*[.='Sign Out']
23:23:45 INFO  application.MyListener - The element -->By.xpath: //*[.='Sign Out']was found
23:23:45 INFO  application.MyListener - Start find element by -->By.xpath: //*[.='Sign Out']
23:23:45 INFO  application.MyListener - The element -->By.xpath: //*[.='Sign Out']was found
23:23:45 INFO  tests.TestBase - End of method --> loginTestDP_CSV
23:23:45 INFO  tests.TestBase - Start method  --> loginTestDataProviderClass
23:23:45 INFO  application.MyListener - Start find element by -->By.xpath: //*[.='Sign Out']
23:23:45 INFO  application.MyListener - The element -->By.xpath: //*[.='Sign Out']was found
23:23:45 INFO  application.MyListener - Start find element by -->By.xpath: //*[.='Sign Out']
23:23:45 INFO  application.MyListener - The element -->By.xpath: //*[.='Sign Out']was found
23:23:46 INFO  application.MyListener - Start find element by -->By.xpath: //a[.='LOGIN']
23:23:46 INFO  application.MyListener - The element -->By.xpath: //a[.='LOGIN']was found
23:23:46 INFO  application.MyListener - Start find element by -->By.xpath: //input[@placeholder='Email']
23:23:46 INFO  application.MyListener - The element -->By.xpath: //input[@placeholder='Email']was found
23:23:46 INFO  application.MyListener - Start find element by -->By.xpath: //input[@placeholder='Password']
23:23:46 INFO  application.MyListener - The element -->By.xpath: //input[@placeholder='Password']was found
23:23:46 INFO  application.MyListener - Start find element by -->By.xpath: //button[.=' Login']
23:23:46 INFO  application.MyListener - The element -->By.xpath: //button[.=' Login']was found
23:23:46 INFO  application.MyListener - Start find element by -->By.xpath: //a[.='CONTACTS']
23:23:46 INFO  application.MyListener - The element -->By.xpath: //a[.='CONTACTS']was found
23:23:46 INFO  application.MyListener - Start find element by -->By.xpath: //*[.='Sign Out']
23:23:46 INFO  application.MyListener - The element -->By.xpath: //*[.='Sign Out']was found
23:23:46 INFO  tests.TestBase - End of method --> loginTestDataProviderClass
23:23:46 INFO  tests.TestBase - Start method  --> loginTestDataProviderClass
23:23:46 INFO  application.MyListener - Start find element by -->By.xpath: //*[.='Sign Out']
23:23:46 INFO  application.MyListener - The element -->By.xpath: //*[.='Sign Out']was found
23:23:46 INFO  application.MyListener - Start find element by -->By.xpath: //*[.='Sign Out']
23:23:46 INFO  application.MyListener - The element -->By.xpath: //*[.='Sign Out']was found
23:23:46 INFO  application.MyListener - Start find element by -->By.xpath: //a[.='LOGIN']
23:23:46 INFO  application.MyListener - The element -->By.xpath: //a[.='LOGIN']was found
23:23:46 INFO  application.MyListener - Start find element by -->By.xpath: //input[@placeholder='Email']
23:23:46 INFO  application.MyListener - The element -->By.xpath: //input[@placeholder='Email']was found
23:23:46 INFO  application.MyListener - Start find element by -->By.xpath: //input[@placeholder='Password']
23:23:46 INFO  application.MyListener - The element -->By.xpath: //input[@placeholder='Password']was found
23:23:47 INFO  application.MyListener - Start find element by -->By.xpath: //button[.=' Login']
23:23:47 INFO  application.MyListener - The element -->By.xpath: //button[.=' Login']was found
23:23:47 INFO  application.MyListener - Start find element by -->By.xpath: //a[.='CONTACTS']
23:23:47 INFO  application.MyListener - The element -->By.xpath: //a[.='CONTACTS']was found
23:23:47 INFO  application.MyListener - Start find element by -->By.xpath: //*[.='Sign Out']
23:23:47 INFO  application.MyListener - The element -->By.xpath: //*[.='Sign Out']was found
23:23:47 INFO  tests.TestBase - End of method --> loginTestDataProviderClass
23:23:47 INFO  tests.TestBase - Start method  --> loginTestDataProviderClass
23:23:47 INFO  application.MyListener - Start find element by -->By.xpath: //*[.='Sign Out']
23:23:47 INFO  application.MyListener - The element -->By.xpath: //*[.='Sign Out']was found
23:23:47 INFO  application.MyListener - Start find element by -->By.xpath: //*[.='Sign Out']
23:23:47 INFO  application.MyListener - The element -->By.xpath: //*[.='Sign Out']was found
23:23:47 INFO  application.MyListener - Start find element by -->By.xpath: //a[.='LOGIN']
23:23:47 INFO  application.MyListener - The element -->By.xpath: //a[.='LOGIN']was found
23:23:47 INFO  application.MyListener - Start find element by -->By.xpath: //input[@placeholder='Email']
23:23:47 INFO  application.MyListener - The element -->By.xpath: //input[@placeholder='Email']was found
23:23:47 INFO  application.MyListener - Start find element by -->By.xpath: //input[@placeholder='Password']
23:23:47 INFO  application.MyListener - The element -->By.xpath: //input[@placeholder='Password']was found
23:23:47 INFO  application.MyListener - Start find element by -->By.xpath: //button[.=' Login']
23:23:47 INFO  application.MyListener - The element -->By.xpath: //button[.=' Login']was found
23:23:47 INFO  application.MyListener - Start find element by -->By.xpath: //a[.='CONTACTS']
23:23:47 INFO  application.MyListener - The element -->By.xpath: //a[.='CONTACTS']was found
23:23:47 INFO  application.MyListener - Start find element by -->By.xpath: //*[.='Sign Out']
23:23:47 INFO  application.MyListener - The element -->By.xpath: //*[.='Sign Out']was found
23:23:47 INFO  tests.TestBase - End of method --> loginTestDataProviderClass
