11:03:07 INFO  application.AppManager - Start in browser CHROME
11:03:09 INFO  tests.TestBase - Start method  --> smokeTest
11:03:09 INFO  tests.TestBase - End of method --> smokeTest
11:03:12 INFO  application.AppManager - Start in browser CHROME
11:03:14 INFO  tests.TestBase - Start method  --> quicktest
11:03:14 INFO  tests.TestBase - End of method --> quicktest
11:03:16 INFO  application.AppManager - Start in browser CHROME
11:03:18 INFO  tests.TestBase - Start method  --> loginTestBase
11:03:18 INFO  application.MyListener - Start find element by -->By.xpath: //*[.='Sign Out']
11:03:28 INFO  application.MyListener - The element -->By.xpath: //*[.='Sign Out']was found
11:03:28 INFO  application.MyListener - Start find element by -->By.xpath: //a[.='LOGIN']
11:03:28 INFO  application.MyListener - The element -->By.xpath: //a[.='LOGIN']was found
11:03:28 INFO  application.MyListener - Start find element by -->By.xpath: //input[@placeholder='Email']
11:03:29 INFO  application.MyListener - The element -->By.xpath: //input[@placeholder='Email']was found
11:03:29 INFO  application.MyListener - Start find element by -->By.xpath: //input[@placeholder='Password']
11:03:29 INFO  application.MyListener - The element -->By.xpath: //input[@placeholder='Password']was found
11:03:29 INFO  tests.TestBase - Login with --> email: "anat@gmail.com", password: "Aa12345$"
11:03:29 INFO  application.MyListener - Start find element by -->By.xpath: //button[.=' Login']
11:03:29 INFO  application.MyListener - The element -->By.xpath: //button[.=' Login']was found
11:03:29 INFO  application.MyListener - Start find element by -->By.xpath: //*[.='Sign Out']
11:03:30 INFO  application.MyListener - The element -->By.xpath: //*[.='Sign Out']was found
11:03:30 INFO  application.MyListener - Start find element by -->By.xpath: //*[.='Sign Out']
11:03:30 INFO  application.MyListener - The element -->By.xpath: //*[.='Sign Out']was found
11:03:30 INFO  tests.TestBase - End of method --> loginTestBase
11:03:30 INFO  tests.TestBase - Start method  --> loginTestDP_CSV
11:03:30 INFO  application.MyListener - Start find element by -->By.xpath: //*[.='Sign Out']
11:03:30 INFO  application.MyListener - The element -->By.xpath: //*[.='Sign Out']was found
11:03:30 INFO  application.MyListener - Start find element by -->By.xpath: //*[.='Sign Out']
11:03:30 INFO  application.MyListener - The element -->By.xpath: //*[.='Sign Out']was found
11:03:31 INFO  application.MyListener - Start find element by -->By.xpath: //a[.='LOGIN']
11:03:31 INFO  application.MyListener - The element -->By.xpath: //a[.='LOGIN']was found
11:03:31 INFO  application.MyListener - Start find element by -->By.xpath: //input[@placeholder='Email']
11:03:31 INFO  application.MyListener - The element -->By.xpath: //input[@placeholder='Email']was found
11:03:31 INFO  application.MyListener - Start find element by -->By.xpath: //input[@placeholder='Password']
11:03:31 INFO  application.MyListener - The element -->By.xpath: //input[@placeholder='Password']was found
11:03:31 INFO  tests.TestBase - Login with --> email: "anat@gmail.com", password: "Aa12345$"
11:03:31 INFO  application.MyListener - Start find element by -->By.xpath: //button[.=' Login']
11:03:31 INFO  application.MyListener - The element -->By.xpath: //button[.=' Login']was found
11:03:31 INFO  application.MyListener - Start find element by -->By.xpath: //*[.='Sign Out']
11:03:31 INFO  application.MyListener - The element -->By.xpath: //*[.='Sign Out']was found
11:03:31 INFO  application.MyListener - Start find element by -->By.xpath: //*[.='Sign Out']
11:03:31 INFO  application.MyListener - The element -->By.xpath: //*[.='Sign Out']was found
11:03:31 INFO  tests.TestBase - End of method --> loginTestDP_CSV
11:03:31 INFO  tests.TestBase - Start method  --> loginTestDP_CSV
11:03:31 INFO  application.MyListener - Start find element by -->By.xpath: //*[.='Sign Out']
11:03:31 INFO  application.MyListener - The element -->By.xpath: //*[.='Sign Out']was found
11:03:31 INFO  application.MyListener - Start find element by -->By.xpath: //*[.='Sign Out']
11:03:32 INFO  application.MyListener - The element -->By.xpath: //*[.='Sign Out']was found
11:03:32 INFO  application.MyListener - Start find element by -->By.xpath: //a[.='LOGIN']
11:03:32 INFO  application.MyListener - The element -->By.xpath: //a[.='LOGIN']was found
11:03:32 INFO  application.MyListener - Start find element by -->By.xpath: //input[@placeholder='Email']
11:03:32 INFO  application.MyListener - The element -->By.xpath: //input[@placeholder='Email']was found
11:03:32 INFO  application.MyListener - Start find element by -->By.xpath: //input[@placeholder='Password']
11:03:32 INFO  application.MyListener - The element -->By.xpath: //input[@placeholder='Password']was found
11:03:32 INFO  tests.TestBase - Login with --> email: "anata@gmail.com", password: "Aa12345$"
11:03:32 INFO  application.MyListener - Start find element by -->By.xpath: //button[.=' Login']
11:03:32 INFO  application.MyListener - The element -->By.xpath: //button[.=' Login']was found
11:03:32 INFO  application.MyListener - Start find element by -->By.xpath: //*[.='Sign Out']
11:03:32 INFO  application.MyListener - The element -->By.xpath: //*[.='Sign Out']was found
11:03:32 INFO  application.MyListener - Start find element by -->By.xpath: //*[.='Sign Out']
11:03:33 INFO  application.MyListener - The element -->By.xpath: //*[.='Sign Out']was found
11:03:33 INFO  tests.TestBase - End of method --> loginTestDP_CSV
11:03:33 INFO  tests.TestBase - Start method  --> loginTestDP_CSV
11:03:33 INFO  application.MyListener - Start find element by -->By.xpath: //*[.='Sign Out']
11:03:33 INFO  application.MyListener - The element -->By.xpath: //*[.='Sign Out']was found
11:03:33 INFO  application.MyListener - Start find element by -->By.xpath: //*[.='Sign Out']
11:03:33 INFO  application.MyListener - The element -->By.xpath: //*[.='Sign Out']was found
11:03:33 INFO  application.MyListener - Start find element by -->By.xpath: //a[.='LOGIN']
11:03:33 INFO  application.MyListener - The element -->By.xpath: //a[.='LOGIN']was found
11:03:33 INFO  application.MyListener - Start find element by -->By.xpath: //input[@placeholder='Email']
11:03:33 INFO  application.MyListener - The element -->By.xpath: //input[@placeholder='Email']was found
11:03:33 INFO  application.MyListener - Start find element by -->By.xpath: //input[@placeholder='Password']
11:03:33 INFO  application.MyListener - The element -->By.xpath: //input[@placeholder='Password']was found
11:03:33 INFO  tests.TestBase - Login with --> email: "anatan@gmail.com", password: "Aa12345$"
11:03:33 INFO  application.MyListener - Start find element by -->By.xpath: //button[.=' Login']
11:03:33 INFO  application.MyListener - The element -->By.xpath: //button[.=' Login']was found
11:03:33 INFO  application.MyListener - Start find element by -->By.xpath: //*[.='Sign Out']
11:03:33 INFO  application.MyListener - The element -->By.xpath: //*[.='Sign Out']was found
11:03:33 INFO  application.MyListener - Start find element by -->By.xpath: //*[.='Sign Out']
11:03:33 INFO  application.MyListener - The element -->By.xpath: //*[.='Sign Out']was found
11:03:33 INFO  tests.TestBase - End of method --> loginTestDP_CSV
11:03:33 INFO  tests.TestBase - Start method  --> loginTestDataProviderClass
11:03:33 INFO  application.MyListener - Start find element by -->By.xpath: //*[.='Sign Out']
11:03:34 INFO  application.MyListener - The element -->By.xpath: //*[.='Sign Out']was found
11:03:34 INFO  application.MyListener - Start find element by -->By.xpath: //*[.='Sign Out']
11:03:34 INFO  application.MyListener - The element -->By.xpath: //*[.='Sign Out']was found
11:03:34 INFO  application.MyListener - Start find element by -->By.xpath: //a[.='LOGIN']
11:03:34 INFO  application.MyListener - The element -->By.xpath: //a[.='LOGIN']was found
11:03:34 INFO  application.MyListener - Start find element by -->By.xpath: //input[@placeholder='Email']
11:03:34 INFO  application.MyListener - The element -->By.xpath: //input[@placeholder='Email']was found
11:03:34 INFO  application.MyListener - Start find element by -->By.xpath: //input[@placeholder='Password']
11:03:34 INFO  application.MyListener - The element -->By.xpath: //input[@placeholder='Password']was found
11:03:34 INFO  application.MyListener - Start find element by -->By.xpath: //button[.=' Login']
11:03:34 INFO  application.MyListener - The element -->By.xpath: //button[.=' Login']was found
11:03:34 INFO  application.MyListener - Start find element by -->By.xpath: //a[.='CONTACTS']
11:03:34 INFO  application.MyListener - The element -->By.xpath: //a[.='CONTACTS']was found
11:03:35 INFO  application.MyListener - Start find element by -->By.xpath: //*[.='Sign Out']
11:03:35 INFO  application.MyListener - The element -->By.xpath: //*[.='Sign Out']was found
11:03:35 INFO  tests.TestBase - End of method --> loginTestDataProviderClass
11:03:35 INFO  tests.TestBase - Start method  --> loginTestDataProviderClass
11:03:35 INFO  application.MyListener - Start find element by -->By.xpath: //*[.='Sign Out']
11:03:35 INFO  application.MyListener - The element -->By.xpath: //*[.='Sign Out']was found
11:03:35 INFO  application.MyListener - Start find element by -->By.xpath: //*[.='Sign Out']
11:03:35 INFO  application.MyListener - The element -->By.xpath: //*[.='Sign Out']was found
11:03:35 INFO  application.MyListener - Start find element by -->By.xpath: //a[.='LOGIN']
11:03:35 INFO  application.MyListener - The element -->By.xpath: //a[.='LOGIN']was found
11:03:35 INFO  application.MyListener - Start find element by -->By.xpath: //input[@placeholder='Email']
11:03:35 INFO  application.MyListener - The element -->By.xpath: //input[@placeholder='Email']was found
11:03:35 INFO  application.MyListener - Start find element by -->By.xpath: //input[@placeholder='Password']
11:03:35 INFO  application.MyListener - The element -->By.xpath: //input[@placeholder='Password']was found
11:03:35 INFO  application.MyListener - Start find element by -->By.xpath: //button[.=' Login']
11:03:35 INFO  application.MyListener - The element -->By.xpath: //button[.=' Login']was found
11:03:35 INFO  application.MyListener - Start find element by -->By.xpath: //a[.='CONTACTS']
11:03:35 INFO  application.MyListener - The element -->By.xpath: //a[.='CONTACTS']was found
11:03:36 INFO  application.MyListener - Start find element by -->By.xpath: //*[.='Sign Out']
11:03:36 INFO  application.MyListener - The element -->By.xpath: //*[.='Sign Out']was found
11:03:36 INFO  tests.TestBase - End of method --> loginTestDataProviderClass
11:03:36 INFO  tests.TestBase - Start method  --> loginTestDataProviderClass
11:03:36 INFO  application.MyListener - Start find element by -->By.xpath: //*[.='Sign Out']
11:03:36 INFO  application.MyListener - The element -->By.xpath: //*[.='Sign Out']was found
11:03:36 INFO  application.MyListener - Start find element by -->By.xpath: //*[.='Sign Out']
11:03:36 INFO  application.MyListener - The element -->By.xpath: //*[.='Sign Out']was found
11:03:36 INFO  application.MyListener - Start find element by -->By.xpath: //a[.='LOGIN']
11:03:36 INFO  application.MyListener - The element -->By.xpath: //a[.='LOGIN']was found
11:03:36 INFO  application.MyListener - Start find element by -->By.xpath: //input[@placeholder='Email']
11:03:36 INFO  application.MyListener - The element -->By.xpath: //input[@placeholder='Email']was found
11:03:36 INFO  application.MyListener - Start find element by -->By.xpath: //input[@placeholder='Password']
11:03:36 INFO  application.MyListener - The element -->By.xpath: //input[@placeholder='Password']was found
11:03:36 INFO  application.MyListener - Start find element by -->By.xpath: //button[.=' Login']
11:03:36 INFO  application.MyListener - The element -->By.xpath: //button[.=' Login']was found
11:03:36 INFO  application.MyListener - Start find element by -->By.xpath: //a[.='CONTACTS']
11:03:37 INFO  application.MyListener - The element -->By.xpath: //a[.='CONTACTS']was found
11:03:37 INFO  application.MyListener - Start find element by -->By.xpath: //*[.='Sign Out']
11:03:37 INFO  application.MyListener - The element -->By.xpath: //*[.='Sign Out']was found
11:03:37 INFO  tests.TestBase - End of method --> loginTestDataProviderClass
