11:00:53 INFO  application.AppManager - Start in browser CHROME
11:00:55 INFO  tests.TestBase - Start method  --> smokeTest
11:00:55 INFO  tests.TestBase - End of method --> smokeTest
11:01:00 INFO  application.AppManager - Start in browser CHROME
11:01:03 INFO  tests.TestBase - Start method  --> quicktest
11:01:03 INFO  tests.TestBase - End of method --> quicktest
11:01:06 INFO  application.AppManager - Start in browser CHROME
11:01:08 INFO  tests.TestBase - Start method  --> loginTestBase
11:01:08 INFO  application.MyListener - Start find element by -->By.xpath: //*[.='Sign Out']
11:01:19 INFO  application.MyListener - The element -->By.xpath: //*[.='Sign Out']was found
11:01:19 INFO  application.MyListener - Start find element by -->By.xpath: //a[.='LOGIN']
11:01:19 INFO  application.MyListener - The element -->By.xpath: //a[.='LOGIN']was found
11:01:19 INFO  application.MyListener - Start find element by -->By.xpath: //input[@placeholder='Email']
11:01:19 INFO  application.MyListener - The element -->By.xpath: //input[@placeholder='Email']was found
11:01:20 INFO  application.MyListener - Start find element by -->By.xpath: //input[@placeholder='Password']
11:01:20 INFO  application.MyListener - The element -->By.xpath: //input[@placeholder='Password']was found
11:01:21 INFO  tests.TestBase - Login with --> email: "anat@gmail.com", password: "Aa12345$"
11:01:21 INFO  application.MyListener - Start find element by -->By.xpath: //button[.=' Login']
11:01:21 INFO  application.MyListener - The element -->By.xpath: //button[.=' Login']was found
11:01:21 INFO  application.MyListener - Start find element by -->By.xpath: //*[.='Sign Out']
11:01:32 INFO  application.MyListener - Screen ->>src/test/screenshots/screen-91.png
11:01:32 INFO  application.MyListener - no such element: Unable to locate element: {"method":"xpath","selector":"//*[.='Sign Out']"}
  (Session info: chrome=92.0.4515.131)
For documentation on this error, please visit: https://www.seleniumhq.org/exceptions/no_such_element.html
Build info: version: '3.141.59', revision: 'e82be7d358', time: '2018-11-14T08:17:03'
System info: host: 'WIN-VLIAFR1P8UG', ip: '192.168.43.243', os.name: 'Windows 10', os.arch: 'amd64', os.version: '10.0', java.version: '1.8.0_301'
Driver info: org.openqa.selenium.chrome.ChromeDriver
Capabilities {acceptInsecureCerts: false, browserName: chrome, browserVersion: 92.0.4515.131, chrome: {chromedriverVersion: 92.0.4515.107 (87a818b10553..., userDataDir: C:\Users\User\AppData\Local...}, goog:chromeOptions: {debuggerAddress: localhost:49309}, javascriptEnabled: true, networkConnectionEnabled: false, pageLoadStrategy: normal, platform: WINDOWS, platformName: WINDOWS, proxy: Proxy(), setWindowRect: true, strictFileInteractability: false, timeouts: {implicit: 0, pageLoad: 300000, script: 30000}, unhandledPromptBehavior: dismiss and notify, webauthn:extension:credBlob: true, webauthn:extension:largeBlob: true, webauthn:virtualAuthenticators: true}
Session ID: ff6b53b26d01d5a91baf0ac649a200ba
*** Element info: {Using=xpath, value=//*[.='Sign Out']}
11:01:32 INFO  tests.TestBase - End of method --> loginTestBase
11:01:32 INFO  tests.TestBase - Start method  --> loginTestDP_CSV
11:01:32 INFO  application.MyListener - Start find element by -->By.xpath: //*[.='Sign Out']
11:01:36 INFO  application.MyListener - The element -->By.xpath: //*[.='Sign Out']was found
11:01:36 INFO  application.MyListener - Start find element by -->By.xpath: //*[.='Sign Out']
11:01:36 INFO  application.MyListener - The element -->By.xpath: //*[.='Sign Out']was found
11:01:36 INFO  application.MyListener - Start find element by -->By.xpath: //a[.='LOGIN']
11:01:36 INFO  application.MyListener - The element -->By.xpath: //a[.='LOGIN']was found
11:01:36 INFO  application.MyListener - Start find element by -->By.xpath: //input[@placeholder='Email']
11:01:36 INFO  application.MyListener - The element -->By.xpath: //input[@placeholder='Email']was found
11:01:37 INFO  application.MyListener - Start find element by -->By.xpath: //input[@placeholder='Password']
11:01:37 INFO  application.MyListener - The element -->By.xpath: //input[@placeholder='Password']was found
11:01:37 INFO  tests.TestBase - Login with --> email: "anat@gmail.com", password: "Aa12345$"
11:01:37 INFO  application.MyListener - Start find element by -->By.xpath: //button[.=' Login']
11:01:37 INFO  application.MyListener - The element -->By.xpath: //button[.=' Login']was found
11:01:37 INFO  application.MyListener - Start find element by -->By.xpath: //*[.='Sign Out']
11:01:37 INFO  application.MyListener - The element -->By.xpath: //*[.='Sign Out']was found
11:01:37 INFO  application.MyListener - Start find element by -->By.xpath: //*[.='Sign Out']
11:01:37 INFO  application.MyListener - The element -->By.xpath: //*[.='Sign Out']was found
11:01:37 INFO  tests.TestBase - End of method --> loginTestDP_CSV
11:01:37 INFO  tests.TestBase - Start method  --> loginTestDP_CSV
11:01:37 INFO  application.MyListener - Start find element by -->By.xpath: //*[.='Sign Out']
11:01:37 INFO  application.MyListener - The element -->By.xpath: //*[.='Sign Out']was found
11:01:37 INFO  application.MyListener - Start find element by -->By.xpath: //*[.='Sign Out']
11:01:37 INFO  application.MyListener - The element -->By.xpath: //*[.='Sign Out']was found
11:01:37 INFO  application.MyListener - Start find element by -->By.xpath: //a[.='LOGIN']
11:01:37 INFO  application.MyListener - The element -->By.xpath: //a[.='LOGIN']was found
11:01:37 INFO  application.MyListener - Start find element by -->By.xpath: //input[@placeholder='Email']
11:01:37 INFO  application.MyListener - The element -->By.xpath: //input[@placeholder='Email']was found
11:01:37 INFO  application.MyListener - Start find element by -->By.xpath: //input[@placeholder='Password']
11:01:37 INFO  application.MyListener - The element -->By.xpath: //input[@placeholder='Password']was found
11:01:38 INFO  tests.TestBase - Login with --> email: "anata@gmail.com", password: "Aa12345$"
11:01:38 INFO  application.MyListener - Start find element by -->By.xpath: //button[.=' Login']
11:01:38 INFO  application.MyListener - The element -->By.xpath: //button[.=' Login']was found
11:01:38 INFO  application.MyListener - Start find element by -->By.xpath: //*[.='Sign Out']
11:01:38 INFO  application.MyListener - The element -->By.xpath: //*[.='Sign Out']was found
11:01:38 INFO  application.MyListener - Start find element by -->By.xpath: //*[.='Sign Out']
11:01:38 INFO  application.MyListener - The element -->By.xpath: //*[.='Sign Out']was found
11:01:38 INFO  tests.TestBase - End of method --> loginTestDP_CSV
11:01:38 INFO  tests.TestBase - Start method  --> loginTestDP_CSV
11:01:38 INFO  application.MyListener - Start find element by -->By.xpath: //*[.='Sign Out']
11:01:38 INFO  application.MyListener - The element -->By.xpath: //*[.='Sign Out']was found
11:01:38 INFO  application.MyListener - Start find element by -->By.xpath: //*[.='Sign Out']
11:01:38 INFO  application.MyListener - The element -->By.xpath: //*[.='Sign Out']was found
11:01:38 INFO  application.MyListener - Start find element by -->By.xpath: //a[.='LOGIN']
11:01:38 INFO  application.MyListener - The element -->By.xpath: //a[.='LOGIN']was found
11:01:38 INFO  application.MyListener - Start find element by -->By.xpath: //input[@placeholder='Email']
11:01:38 INFO  application.MyListener - The element -->By.xpath: //input[@placeholder='Email']was found
11:01:38 INFO  application.MyListener - Start find element by -->By.xpath: //input[@placeholder='Password']
11:01:38 INFO  application.MyListener - The element -->By.xpath: //input[@placeholder='Password']was found
11:01:38 INFO  tests.TestBase - Login with --> email: "anatan@gmail.com", password: "Aa12345$"
11:01:38 INFO  application.MyListener - Start find element by -->By.xpath: //button[.=' Login']
11:01:38 INFO  application.MyListener - The element -->By.xpath: //button[.=' Login']was found
11:01:38 INFO  application.MyListener - Start find element by -->By.xpath: //*[.='Sign Out']
11:01:38 INFO  application.MyListener - The element -->By.xpath: //*[.='Sign Out']was found
11:01:38 INFO  application.MyListener - Start find element by -->By.xpath: //*[.='Sign Out']
11:01:38 INFO  application.MyListener - The element -->By.xpath: //*[.='Sign Out']was found
11:01:38 INFO  tests.TestBase - End of method --> loginTestDP_CSV
11:01:38 INFO  tests.TestBase - Start method  --> loginTestDataProviderClass
11:01:38 INFO  application.MyListener - Start find element by -->By.xpath: //*[.='Sign Out']
11:01:38 INFO  application.MyListener - The element -->By.xpath: //*[.='Sign Out']was found
11:01:38 INFO  application.MyListener - Start find element by -->By.xpath: //*[.='Sign Out']
11:01:38 INFO  application.MyListener - The element -->By.xpath: //*[.='Sign Out']was found
11:01:39 INFO  application.MyListener - Start find element by -->By.xpath: //a[.='LOGIN']
11:01:39 INFO  application.MyListener - The element -->By.xpath: //a[.='LOGIN']was found
11:01:39 INFO  application.MyListener - Start find element by -->By.xpath: //input[@placeholder='Email']
11:01:39 INFO  application.MyListener - The element -->By.xpath: //input[@placeholder='Email']was found
11:01:39 INFO  application.MyListener - Start find element by -->By.xpath: //input[@placeholder='Password']
11:01:39 INFO  application.MyListener - The element -->By.xpath: //input[@placeholder='Password']was found
11:01:39 INFO  application.MyListener - Start find element by -->By.xpath: //button[.=' Login']
11:01:39 INFO  application.MyListener - The element -->By.xpath: //button[.=' Login']was found
11:01:39 INFO  application.MyListener - Start find element by -->By.xpath: //a[.='CONTACTS']
11:01:39 INFO  application.MyListener - The element -->By.xpath: //a[.='CONTACTS']was found
11:01:39 INFO  application.MyListener - Start find element by -->By.xpath: //*[.='Sign Out']
11:01:39 INFO  application.MyListener - The element -->By.xpath: //*[.='Sign Out']was found
11:01:39 INFO  tests.TestBase - End of method --> loginTestDataProviderClass
11:01:39 INFO  tests.TestBase - Start method  --> loginTestDataProviderClass
11:01:39 INFO  application.MyListener - Start find element by -->By.xpath: //*[.='Sign Out']
11:01:39 INFO  application.MyListener - The element -->By.xpath: //*[.='Sign Out']was found
11:01:39 INFO  application.MyListener - Start find element by -->By.xpath: //*[.='Sign Out']
11:01:39 INFO  application.MyListener - The element -->By.xpath: //*[.='Sign Out']was found
11:01:39 INFO  application.MyListener - Start find element by -->By.xpath: //a[.='LOGIN']
11:01:39 INFO  application.MyListener - The element -->By.xpath: //a[.='LOGIN']was found
11:01:39 INFO  application.MyListener - Start find element by -->By.xpath: //input[@placeholder='Email']
11:01:39 INFO  application.MyListener - The element -->By.xpath: //input[@placeholder='Email']was found
11:01:40 INFO  application.MyListener - Start find element by -->By.xpath: //input[@placeholder='Password']
11:01:40 INFO  application.MyListener - The element -->By.xpath: //input[@placeholder='Password']was found
11:01:40 INFO  application.MyListener - Start find element by -->By.xpath: //button[.=' Login']
11:01:40 INFO  application.MyListener - The element -->By.xpath: //button[.=' Login']was found
11:01:40 INFO  application.MyListener - Start find element by -->By.xpath: //a[.='CONTACTS']
11:01:40 INFO  application.MyListener - The element -->By.xpath: //a[.='CONTACTS']was found
11:01:40 INFO  application.MyListener - Start find element by -->By.xpath: //*[.='Sign Out']
11:01:40 INFO  application.MyListener - The element -->By.xpath: //*[.='Sign Out']was found
11:01:40 INFO  tests.TestBase - End of method --> loginTestDataProviderClass
11:01:40 INFO  tests.TestBase - Start method  --> loginTestDataProviderClass
11:01:40 INFO  application.MyListener - Start find element by -->By.xpath: //*[.='Sign Out']
11:01:40 INFO  application.MyListener - The element -->By.xpath: //*[.='Sign Out']was found
11:01:40 INFO  application.MyListener - Start find element by -->By.xpath: //*[.='Sign Out']
11:01:40 INFO  application.MyListener - The element -->By.xpath: //*[.='Sign Out']was found
11:01:40 INFO  application.MyListener - Start find element by -->By.xpath: //a[.='LOGIN']
11:01:40 INFO  application.MyListener - The element -->By.xpath: //a[.='LOGIN']was found
11:01:40 INFO  application.MyListener - Start find element by -->By.xpath: //input[@placeholder='Email']
11:01:40 INFO  application.MyListener - The element -->By.xpath: //input[@placeholder='Email']was found
11:01:40 INFO  application.MyListener - Start find element by -->By.xpath: //input[@placeholder='Password']
11:01:40 INFO  application.MyListener - The element -->By.xpath: //input[@placeholder='Password']was found
11:01:40 INFO  application.MyListener - Start find element by -->By.xpath: //button[.=' Login']
11:01:40 INFO  application.MyListener - The element -->By.xpath: //button[.=' Login']was found
11:01:40 INFO  application.MyListener - Start find element by -->By.xpath: //a[.='CONTACTS']
11:01:41 INFO  application.MyListener - The element -->By.xpath: //a[.='CONTACTS']was found
11:01:41 INFO  application.MyListener - Start find element by -->By.xpath: //*[.='Sign Out']
11:01:41 INFO  application.MyListener - The element -->By.xpath: //*[.='Sign Out']was found
11:01:41 INFO  tests.TestBase - End of method --> loginTestDataProviderClass
