23:17:34 INFO  application.AppManager - Start in browser CHROME
23:17:38 INFO  tests.TestBase - Start method  --> smokeTest
23:17:38 INFO  tests.TestBase - End of method --> smokeTest
23:17:45 INFO  application.AppManager - Start in browser CHROME
23:17:48 INFO  tests.TestBase - Start method  --> quicktest
23:17:48 INFO  tests.TestBase - End of method --> quicktest
23:17:53 INFO  application.AppManager - Start in browser CHROME
23:17:56 INFO  tests.TestBase - Start method  --> loginTestBase
23:17:56 INFO  application.MyListener - Start find element by -->By.xpath: //*[.='Sign Out']
23:18:06 INFO  application.MyListener - The element -->By.xpath: //*[.='Sign Out']was found
23:18:06 INFO  application.MyListener - Start find element by -->By.xpath: //a[.='LOGIN']
23:18:06 INFO  application.MyListener - The element -->By.xpath: //a[.='LOGIN']was found
23:18:06 INFO  application.MyListener - Start find element by -->By.xpath: //input[@placeholder='Email']
23:18:06 INFO  application.MyListener - The element -->By.xpath: //input[@placeholder='Email']was found
23:18:07 INFO  application.MyListener - Start find element by -->By.xpath: //input[@placeholder='Password']
23:18:07 INFO  application.MyListener - The element -->By.xpath: //input[@placeholder='Password']was found
23:18:07 INFO  tests.TestBase - Login with --> email: "anat@gmail.com", password: "Aa12345$"
23:18:07 INFO  application.MyListener - Start find element by -->By.xpath: //button[.=' Login']
23:18:07 INFO  application.MyListener - The element -->By.xpath: //button[.=' Login']was found
23:18:07 INFO  application.MyListener - Start find element by -->By.xpath: //*[.='Sign Out']
23:18:08 INFO  application.MyListener - The element -->By.xpath: //*[.='Sign Out']was found
23:18:08 INFO  application.MyListener - Start find element by -->By.xpath: //*[.='Sign Out']
23:18:08 INFO  application.MyListener - The element -->By.xpath: //*[.='Sign Out']was found
23:18:08 INFO  tests.TestBase - End of method --> loginTestBase
23:18:09 INFO  tests.TestBase - Start method  --> loginTestDP_CSV
23:18:09 INFO  application.MyListener - Start find element by -->By.xpath: //*[.='Sign Out']
23:18:09 INFO  application.MyListener - The element -->By.xpath: //*[.='Sign Out']was found
23:18:09 INFO  application.MyListener - Start find element by -->By.xpath: //*[.='Sign Out']
23:18:09 INFO  application.MyListener - The element -->By.xpath: //*[.='Sign Out']was found
23:18:09 INFO  application.MyListener - Start find element by -->By.xpath: //a[.='LOGIN']
23:18:09 INFO  application.MyListener - The element -->By.xpath: //a[.='LOGIN']was found
23:18:09 INFO  application.MyListener - Start find element by -->By.xpath: //input[@placeholder='Email']
23:18:09 INFO  application.MyListener - The element -->By.xpath: //input[@placeholder='Email']was found
23:18:09 INFO  application.MyListener - Start find element by -->By.xpath: //input[@placeholder='Password']
23:18:09 INFO  application.MyListener - The element -->By.xpath: //input[@placeholder='Password']was found
23:18:09 INFO  tests.TestBase - Login with --> email: "anat@gmail.com", password: "Aa12345$"
23:18:09 INFO  application.MyListener - Start find element by -->By.xpath: //button[.=' Login']
23:18:09 INFO  application.MyListener - The element -->By.xpath: //button[.=' Login']was found
23:18:09 INFO  application.MyListener - Start find element by -->By.xpath: //*[.='Sign Out']
23:18:09 INFO  application.MyListener - The element -->By.xpath: //*[.='Sign Out']was found
23:18:09 INFO  application.MyListener - Start find element by -->By.xpath: //*[.='Sign Out']
23:18:09 INFO  application.MyListener - The element -->By.xpath: //*[.='Sign Out']was found
23:18:09 INFO  tests.TestBase - End of method --> loginTestDP_CSV
23:18:09 INFO  tests.TestBase - Start method  --> loginTestDP_CSV
23:18:09 INFO  application.MyListener - Start find element by -->By.xpath: //*[.='Sign Out']
23:18:09 INFO  application.MyListener - The element -->By.xpath: //*[.='Sign Out']was found
23:18:09 INFO  application.MyListener - Start find element by -->By.xpath: //*[.='Sign Out']
23:18:09 INFO  application.MyListener - The element -->By.xpath: //*[.='Sign Out']was found
23:18:09 INFO  application.MyListener - Start find element by -->By.xpath: //a[.='LOGIN']
23:18:09 INFO  application.MyListener - The element -->By.xpath: //a[.='LOGIN']was found
23:18:09 INFO  application.MyListener - Start find element by -->By.xpath: //input[@placeholder='Email']
23:18:10 INFO  application.MyListener - The element -->By.xpath: //input[@placeholder='Email']was found
23:18:10 INFO  application.MyListener - Start find element by -->By.xpath: //input[@placeholder='Password']
23:18:10 INFO  application.MyListener - The element -->By.xpath: //input[@placeholder='Password']was found
23:18:10 INFO  tests.TestBase - Login with --> email: "anata@gmail.com", password: "Aa12345$"
23:18:10 INFO  application.MyListener - Start find element by -->By.xpath: //button[.=' Login']
23:18:10 INFO  application.MyListener - The element -->By.xpath: //button[.=' Login']was found
23:18:10 INFO  application.MyListener - Start find element by -->By.xpath: //*[.='Sign Out']
23:18:10 INFO  application.MyListener - The element -->By.xpath: //*[.='Sign Out']was found
23:18:10 INFO  application.MyListener - Start find element by -->By.xpath: //*[.='Sign Out']
23:18:10 INFO  application.MyListener - The element -->By.xpath: //*[.='Sign Out']was found
23:18:10 INFO  tests.TestBase - End of method --> loginTestDP_CSV
23:18:10 INFO  tests.TestBase - Start method  --> loginTestDP_CSV
23:18:10 INFO  application.MyListener - Start find element by -->By.xpath: //*[.='Sign Out']
23:18:10 INFO  application.MyListener - The element -->By.xpath: //*[.='Sign Out']was found
23:18:10 INFO  application.MyListener - Start find element by -->By.xpath: //*[.='Sign Out']
23:18:10 INFO  application.MyListener - The element -->By.xpath: //*[.='Sign Out']was found
23:18:10 INFO  application.MyListener - Start find element by -->By.xpath: //a[.='LOGIN']
23:18:10 INFO  application.MyListener - The element -->By.xpath: //a[.='LOGIN']was found
23:18:10 INFO  application.MyListener - Start find element by -->By.xpath: //input[@placeholder='Email']
23:18:10 INFO  application.MyListener - The element -->By.xpath: //input[@placeholder='Email']was found
23:18:10 INFO  application.MyListener - Start find element by -->By.xpath: //input[@placeholder='Password']
23:18:10 INFO  application.MyListener - The element -->By.xpath: //input[@placeholder='Password']was found
23:18:10 INFO  tests.TestBase - Login with --> email: "anatan@gmail.com", password: "Aa12345$"
23:18:10 INFO  application.MyListener - Start find element by -->By.xpath: //button[.=' Login']
23:18:10 INFO  application.MyListener - The element -->By.xpath: //button[.=' Login']was found
23:18:11 INFO  application.MyListener - Start find element by -->By.xpath: //*[.='Sign Out']
23:18:11 INFO  application.MyListener - The element -->By.xpath: //*[.='Sign Out']was found
23:18:11 INFO  application.MyListener - Start find element by -->By.xpath: //*[.='Sign Out']
23:18:11 INFO  application.MyListener - The element -->By.xpath: //*[.='Sign Out']was found
23:18:11 INFO  tests.TestBase - End of method --> loginTestDP_CSV
23:18:11 INFO  tests.TestBase - Start method  --> loginTestDataProviderClass
23:18:11 INFO  application.MyListener - Start find element by -->By.xpath: //*[.='Sign Out']
23:18:11 INFO  application.MyListener - The element -->By.xpath: //*[.='Sign Out']was found
23:18:11 INFO  application.MyListener - Start find element by -->By.xpath: //*[.='Sign Out']
23:18:11 INFO  application.MyListener - The element -->By.xpath: //*[.='Sign Out']was found
23:18:11 INFO  application.MyListener - Start find element by -->By.xpath: //a[.='LOGIN']
23:18:11 INFO  application.MyListener - The element -->By.xpath: //a[.='LOGIN']was found
23:18:11 INFO  application.MyListener - Start find element by -->By.xpath: //input[@placeholder='Email']
23:18:11 INFO  application.MyListener - The element -->By.xpath: //input[@placeholder='Email']was found
23:18:11 INFO  application.MyListener - Start find element by -->By.xpath: //input[@placeholder='Password']
23:18:11 INFO  application.MyListener - The element -->By.xpath: //input[@placeholder='Password']was found
23:18:11 INFO  application.MyListener - Start find element by -->By.xpath: //button[.=' Login']
23:18:11 INFO  application.MyListener - The element -->By.xpath: //button[.=' Login']was found
23:18:11 INFO  application.MyListener - Start find element by -->By.xpath: //a[.='CONTACTS']
23:18:11 INFO  application.MyListener - The element -->By.xpath: //a[.='CONTACTS']was found
23:18:11 INFO  application.MyListener - Start find element by -->By.xpath: //*[.='Sign Out']
23:18:11 INFO  application.MyListener - The element -->By.xpath: //*[.='Sign Out']was found
23:18:11 INFO  tests.TestBase - End of method --> loginTestDataProviderClass
23:18:11 INFO  tests.TestBase - Start method  --> loginTestDataProviderClass
23:18:11 INFO  application.MyListener - Start find element by -->By.xpath: //*[.='Sign Out']
23:18:11 INFO  application.MyListener - The element -->By.xpath: //*[.='Sign Out']was found
23:18:11 INFO  application.MyListener - Start find element by -->By.xpath: //*[.='Sign Out']
23:18:11 INFO  application.MyListener - The element -->By.xpath: //*[.='Sign Out']was found
23:18:11 INFO  application.MyListener - Start find element by -->By.xpath: //a[.='LOGIN']
23:18:12 INFO  application.MyListener - The element -->By.xpath: //a[.='LOGIN']was found
23:18:12 INFO  application.MyListener - Start find element by -->By.xpath: //input[@placeholder='Email']
23:18:12 INFO  application.MyListener - The element -->By.xpath: //input[@placeholder='Email']was found
23:18:12 INFO  application.MyListener - Start find element by -->By.xpath: //input[@placeholder='Password']
23:18:12 INFO  application.MyListener - The element -->By.xpath: //input[@placeholder='Password']was found
23:18:12 INFO  application.MyListener - Start find element by -->By.xpath: //button[.=' Login']
23:18:12 INFO  application.MyListener - The element -->By.xpath: //button[.=' Login']was found
23:18:12 INFO  application.MyListener - Start find element by -->By.xpath: //a[.='CONTACTS']
23:18:12 INFO  application.MyListener - The element -->By.xpath: //a[.='CONTACTS']was found
23:18:12 INFO  application.MyListener - Start find element by -->By.xpath: //*[.='Sign Out']
23:18:12 INFO  application.MyListener - The element -->By.xpath: //*[.='Sign Out']was found
23:18:12 INFO  tests.TestBase - End of method --> loginTestDataProviderClass
23:18:12 INFO  tests.TestBase - Start method  --> loginTestDataProviderClass
23:18:12 INFO  application.MyListener - Start find element by -->By.xpath: //*[.='Sign Out']
23:18:12 INFO  application.MyListener - The element -->By.xpath: //*[.='Sign Out']was found
23:18:12 INFO  application.MyListener - Start find element by -->By.xpath: //*[.='Sign Out']
23:18:12 INFO  application.MyListener - The element -->By.xpath: //*[.='Sign Out']was found
23:18:13 INFO  application.MyListener - Start find element by -->By.xpath: //a[.='LOGIN']
23:18:13 INFO  application.MyListener - The element -->By.xpath: //a[.='LOGIN']was found
23:18:13 INFO  application.MyListener - Start find element by -->By.xpath: //input[@placeholder='Email']
23:18:13 INFO  application.MyListener - The element -->By.xpath: //input[@placeholder='Email']was found
23:18:13 INFO  application.MyListener - Start find element by -->By.xpath: //input[@placeholder='Password']
23:18:13 INFO  application.MyListener - The element -->By.xpath: //input[@placeholder='Password']was found
23:18:13 INFO  application.MyListener - Start find element by -->By.xpath: //button[.=' Login']
23:18:13 INFO  application.MyListener - The element -->By.xpath: //button[.=' Login']was found
23:18:13 INFO  application.MyListener - Start find element by -->By.xpath: //a[.='CONTACTS']
23:18:13 INFO  application.MyListener - The element -->By.xpath: //a[.='CONTACTS']was found
23:18:13 INFO  application.MyListener - Start find element by -->By.xpath: //*[.='Sign Out']
23:18:13 INFO  application.MyListener - The element -->By.xpath: //*[.='Sign Out']was found
23:18:13 INFO  tests.TestBase - End of method --> loginTestDataProviderClass
