00:34:23 INFO  application.AppManager - Start in browser CHROME
00:34:24 INFO  tests.TestBase - Start method  --> loginTestDataProviderClass
00:34:24 INFO  application.MyListener - Start find element by -->By.xpath: //*[.='Sign Out']
00:34:34 INFO  application.MyListener - The element -->By.xpath: //*[.='Sign Out']was found
00:34:34 INFO  application.MyListener - Start find element by -->By.xpath: //a[.='LOGIN']
00:34:34 INFO  application.MyListener - The element -->By.xpath: //a[.='LOGIN']was found
00:34:34 INFO  application.MyListener - Start find element by -->By.xpath: //input[@placeholder='Email']
00:34:34 INFO  application.MyListener - The element -->By.xpath: //input[@placeholder='Email']was found
00:34:35 INFO  application.MyListener - Start find element by -->By.xpath: //input[@placeholder='Password']
00:34:35 INFO  application.MyListener - The element -->By.xpath: //input[@placeholder='Password']was found
00:34:35 INFO  application.MyListener - Start find element by -->By.xpath: //button[.=' Login']
00:34:35 INFO  application.MyListener - The element -->By.xpath: //button[.=' Login']was found
00:34:35 INFO  application.MyListener - Start find element by -->By.xpath: //a[.='CONTACTS']
00:34:45 INFO  application.MyListener - Screen ->>src/test/screenshots/screen-2085.png
00:34:45 INFO  application.MyListener - no such element: Unable to locate element: {"method":"xpath","selector":"//a[.='CONTACTS']"}
  (Session info: chrome=93.0.4577.63)
For documentation on this error, please visit: https://www.seleniumhq.org/exceptions/no_such_element.html
Build info: version: '3.141.59', revision: 'e82be7d358', time: '2018-11-14T08:17:03'
System info: host: 'WIN-VLIAFR1P8UG', ip: '192.168.43.243', os.name: 'Windows 10', os.arch: 'amd64', os.version: '10.0', java.version: '11.0.10'
Driver info: org.openqa.selenium.chrome.ChromeDriver
Capabilities {acceptInsecureCerts: false, browserName: chrome, browserVersion: 93.0.4577.63, chrome: {chromedriverVersion: 92.0.4515.107 (87a818b10553..., userDataDir: C:\Users\User\AppData\Local...}, goog:chromeOptions: {debuggerAddress: localhost:56240}, javascriptEnabled: true, networkConnectionEnabled: false, pageLoadStrategy: normal, platform: WINDOWS, platformName: WINDOWS, proxy: Proxy(), setWindowRect: true, strictFileInteractability: false, timeouts: {implicit: 0, pageLoad: 300000, script: 30000}, unhandledPromptBehavior: dismiss and notify, webauthn:extension:credBlob: true, webauthn:extension:largeBlob: true, webauthn:virtualAuthenticators: true}
Session ID: b169c2289a21a3ea6f1aea021e02111a
*** Element info: {Using=xpath, value=//a[.='CONTACTS']}
00:34:45 INFO  tests.TestBase - End of method --> loginTestDataProviderClass
00:34:45 INFO  tests.TestBase - Start method  --> loginTestDataProviderClass
00:34:45 INFO  application.MyListener - Start find element by -->By.xpath: //*[.='Sign Out']
00:34:55 INFO  application.MyListener - The element -->By.xpath: //*[.='Sign Out']was found
00:34:55 INFO  application.MyListener - Start find element by -->By.xpath: //a[.='LOGIN']
00:34:55 INFO  application.MyListener - The element -->By.xpath: //a[.='LOGIN']was found
00:34:56 INFO  application.MyListener - Start find element by -->By.xpath: //input[@placeholder='Email']
00:35:06 INFO  application.MyListener - Screen ->>src/test/screenshots/screen-2106.png
00:35:06 INFO  application.MyListener - no such element: Unable to locate element: {"method":"xpath","selector":"//input[@placeholder='Email']"}
  (Session info: chrome=93.0.4577.63)
For documentation on this error, please visit: https://www.seleniumhq.org/exceptions/no_such_element.html
Build info: version: '3.141.59', revision: 'e82be7d358', time: '2018-11-14T08:17:03'
System info: host: 'WIN-VLIAFR1P8UG', ip: '192.168.43.243', os.name: 'Windows 10', os.arch: 'amd64', os.version: '10.0', java.version: '11.0.10'
Driver info: org.openqa.selenium.chrome.ChromeDriver
Capabilities {acceptInsecureCerts: false, browserName: chrome, browserVersion: 93.0.4577.63, chrome: {chromedriverVersion: 92.0.4515.107 (87a818b10553..., userDataDir: C:\Users\User\AppData\Local...}, goog:chromeOptions: {debuggerAddress: localhost:56240}, javascriptEnabled: true, networkConnectionEnabled: false, pageLoadStrategy: normal, platform: WINDOWS, platformName: WINDOWS, proxy: Proxy(), setWindowRect: true, strictFileInteractability: false, timeouts: {implicit: 0, pageLoad: 300000, script: 30000}, unhandledPromptBehavior: dismiss and notify, webauthn:extension:credBlob: true, webauthn:extension:largeBlob: true, webauthn:virtualAuthenticators: true}
Session ID: b169c2289a21a3ea6f1aea021e02111a
*** Element info: {Using=xpath, value=//input[@placeholder='Email']}
00:35:06 INFO  tests.TestBase - End of method --> loginTestDataProviderClass
00:35:06 INFO  tests.TestBase - Start method  --> loginTestDataProviderClass
00:35:06 INFO  application.MyListener - Start find element by -->By.xpath: //*[.='Sign Out']
00:35:16 INFO  application.MyListener - The element -->By.xpath: //*[.='Sign Out']was found
00:35:16 INFO  application.MyListener - Start find element by -->By.xpath: //a[.='LOGIN']
00:35:16 INFO  application.MyListener - The element -->By.xpath: //a[.='LOGIN']was found
00:35:16 INFO  application.MyListener - Start find element by -->By.xpath: //input[@placeholder='Email']
00:35:27 INFO  application.MyListener - Screen ->>src/test/screenshots/screen-2126.png
00:35:27 INFO  application.MyListener - no such element: Unable to locate element: {"method":"xpath","selector":"//input[@placeholder='Email']"}
  (Session info: chrome=93.0.4577.63)
For documentation on this error, please visit: https://www.seleniumhq.org/exceptions/no_such_element.html
Build info: version: '3.141.59', revision: 'e82be7d358', time: '2018-11-14T08:17:03'
System info: host: 'WIN-VLIAFR1P8UG', ip: '192.168.43.243', os.name: 'Windows 10', os.arch: 'amd64', os.version: '10.0', java.version: '11.0.10'
Driver info: org.openqa.selenium.chrome.ChromeDriver
Capabilities {acceptInsecureCerts: false, browserName: chrome, browserVersion: 93.0.4577.63, chrome: {chromedriverVersion: 92.0.4515.107 (87a818b10553..., userDataDir: C:\Users\User\AppData\Local...}, goog:chromeOptions: {debuggerAddress: localhost:56240}, javascriptEnabled: true, networkConnectionEnabled: false, pageLoadStrategy: normal, platform: WINDOWS, platformName: WINDOWS, proxy: Proxy(), setWindowRect: true, strictFileInteractability: false, timeouts: {implicit: 0, pageLoad: 300000, script: 30000}, unhandledPromptBehavior: dismiss and notify, webauthn:extension:credBlob: true, webauthn:extension:largeBlob: true, webauthn:virtualAuthenticators: true}
Session ID: b169c2289a21a3ea6f1aea021e02111a
*** Element info: {Using=xpath, value=//input[@placeholder='Email']}
00:35:27 INFO  tests.TestBase - End of method --> loginTestDataProviderClass
