23:22:16 INFO  application.AppManager - Start in browser CHROME
23:22:19 INFO  tests.TestBase - Start method  --> smokeTest
23:22:19 INFO  tests.TestBase - End of method --> smokeTest
23:22:22 INFO  application.AppManager - Start in browser CHROME
23:22:23 INFO  tests.TestBase - Start method  --> quicktest
23:22:23 INFO  tests.TestBase - End of method --> quicktest
23:22:25 INFO  application.AppManager - Start in browser CHROME
23:22:26 INFO  tests.TestBase - Start method  --> loginTestBase
23:22:26 INFO  application.MyListener - Start find element by -->By.xpath: //*[.='Sign Out']
23:22:37 INFO  application.MyListener - The element -->By.xpath: //*[.='Sign Out']was found
23:22:37 INFO  application.MyListener - Start find element by -->By.xpath: //a[.='LOGIN']
23:22:37 INFO  application.MyListener - The element -->By.xpath: //a[.='LOGIN']was found
23:22:37 INFO  application.MyListener - Start find element by -->By.xpath: //input[@placeholder='Email']
23:22:37 INFO  application.MyListener - The element -->By.xpath: //input[@placeholder='Email']was found
23:22:37 INFO  application.MyListener - Start find element by -->By.xpath: //input[@placeholder='Password']
23:22:37 INFO  application.MyListener - The element -->By.xpath: //input[@placeholder='Password']was found
23:22:37 INFO  tests.TestBase - Login with --> email: "anat@gmail.com", password: "Aa12345$"
23:22:37 INFO  application.MyListener - Start find element by -->By.xpath: //button[.=' Login']
23:22:37 INFO  application.MyListener - The element -->By.xpath: //button[.=' Login']was found
23:22:37 INFO  application.MyListener - Start find element by -->By.xpath: //*[.='Sign Out']
23:22:48 INFO  application.MyListener - Screen ->>src/test/screenshots/screen-1368.png
23:22:48 INFO  application.MyListener - no such element: Unable to locate element: {"method":"xpath","selector":"//*[.='Sign Out']"}
  (Session info: chrome=92.0.4515.131)
For documentation on this error, please visit: https://www.seleniumhq.org/exceptions/no_such_element.html
Build info: version: '3.141.59', revision: 'e82be7d358', time: '2018-11-14T08:17:03'
System info: host: 'WIN-VLIAFR1P8UG', ip: '192.168.43.243', os.name: 'Windows 10', os.arch: 'amd64', os.version: '10.0', java.version: '11.0.10'
Driver info: org.openqa.selenium.chrome.ChromeDriver
Capabilities {acceptInsecureCerts: false, browserName: chrome, browserVersion: 92.0.4515.131, chrome: {chromedriverVersion: 92.0.4515.107 (87a818b10553..., userDataDir: C:\Users\User\AppData\Local...}, goog:chromeOptions: {debuggerAddress: localhost:62684}, javascriptEnabled: true, networkConnectionEnabled: false, pageLoadStrategy: normal, platform: WINDOWS, platformName: WINDOWS, proxy: Proxy(), setWindowRect: true, strictFileInteractability: false, timeouts: {implicit: 0, pageLoad: 300000, script: 30000}, unhandledPromptBehavior: dismiss and notify, webauthn:extension:credBlob: true, webauthn:extension:largeBlob: true, webauthn:virtualAuthenticators: true}
Session ID: d29de73554d8ccddf1c12450d8c60cb9
*** Element info: {Using=xpath, value=//*[.='Sign Out']}
23:22:48 INFO  tests.TestBase - End of method --> loginTestBase
23:22:48 INFO  tests.TestBase - Start method  --> loginTestDP_CSV
23:22:48 INFO  application.MyListener - Start find element by -->By.xpath: //*[.='Sign Out']
23:22:53 INFO  application.MyListener - The element -->By.xpath: //*[.='Sign Out']was found
23:22:53 INFO  application.MyListener - Start find element by -->By.xpath: //*[.='Sign Out']
23:22:53 INFO  application.MyListener - The element -->By.xpath: //*[.='Sign Out']was found
23:22:53 INFO  application.MyListener - Start find element by -->By.xpath: //a[.='LOGIN']
23:22:53 INFO  application.MyListener - The element -->By.xpath: //a[.='LOGIN']was found
23:22:53 INFO  application.MyListener - Start find element by -->By.xpath: //input[@placeholder='Email']
23:22:53 INFO  application.MyListener - The element -->By.xpath: //input[@placeholder='Email']was found
23:22:53 INFO  application.MyListener - Start find element by -->By.xpath: //input[@placeholder='Password']
23:22:54 INFO  application.MyListener - The element -->By.xpath: //input[@placeholder='Password']was found
23:22:54 INFO  tests.TestBase - Login with --> email: "anat@gmail.com", password: "Aa12345$"
23:22:54 INFO  application.MyListener - Start find element by -->By.xpath: //button[.=' Login']
23:22:54 INFO  application.MyListener - The element -->By.xpath: //button[.=' Login']was found
23:22:54 INFO  application.MyListener - Start find element by -->By.xpath: //*[.='Sign Out']
23:22:54 INFO  application.MyListener - The element -->By.xpath: //*[.='Sign Out']was found
23:22:54 INFO  application.MyListener - Start find element by -->By.xpath: //*[.='Sign Out']
23:22:54 INFO  application.MyListener - The element -->By.xpath: //*[.='Sign Out']was found
23:22:54 INFO  tests.TestBase - End of method --> loginTestDP_CSV
23:22:54 INFO  tests.TestBase - Start method  --> loginTestDP_CSV
23:22:54 INFO  application.MyListener - Start find element by -->By.xpath: //*[.='Sign Out']
23:22:54 INFO  application.MyListener - The element -->By.xpath: //*[.='Sign Out']was found
23:22:54 INFO  application.MyListener - Start find element by -->By.xpath: //*[.='Sign Out']
23:22:54 INFO  application.MyListener - The element -->By.xpath: //*[.='Sign Out']was found
23:22:54 INFO  application.MyListener - Start find element by -->By.xpath: //a[.='LOGIN']
23:22:54 INFO  application.MyListener - The element -->By.xpath: //a[.='LOGIN']was found
23:22:54 INFO  application.MyListener - Start find element by -->By.xpath: //input[@placeholder='Email']
23:22:54 INFO  application.MyListener - The element -->By.xpath: //input[@placeholder='Email']was found
23:22:54 INFO  application.MyListener - Start find element by -->By.xpath: //input[@placeholder='Password']
23:22:54 INFO  application.MyListener - The element -->By.xpath: //input[@placeholder='Password']was found
23:22:54 INFO  tests.TestBase - Login with --> email: "anata@gmail.com", password: "Aa12345$"
23:22:54 INFO  application.MyListener - Start find element by -->By.xpath: //button[.=' Login']
23:22:54 INFO  application.MyListener - The element -->By.xpath: //button[.=' Login']was found
23:22:55 INFO  application.MyListener - Start find element by -->By.xpath: //*[.='Sign Out']
23:22:55 INFO  application.MyListener - The element -->By.xpath: //*[.='Sign Out']was found
23:22:55 INFO  application.MyListener - Start find element by -->By.xpath: //*[.='Sign Out']
23:22:55 INFO  application.MyListener - The element -->By.xpath: //*[.='Sign Out']was found
23:22:55 INFO  tests.TestBase - End of method --> loginTestDP_CSV
23:22:55 INFO  tests.TestBase - Start method  --> loginTestDP_CSV
23:22:55 INFO  application.MyListener - Start find element by -->By.xpath: //*[.='Sign Out']
23:22:55 INFO  application.MyListener - The element -->By.xpath: //*[.='Sign Out']was found
23:22:55 INFO  application.MyListener - Start find element by -->By.xpath: //*[.='Sign Out']
23:22:55 INFO  application.MyListener - The element -->By.xpath: //*[.='Sign Out']was found
23:22:55 INFO  application.MyListener - Start find element by -->By.xpath: //a[.='LOGIN']
23:22:55 INFO  application.MyListener - The element -->By.xpath: //a[.='LOGIN']was found
23:22:55 INFO  application.MyListener - Start find element by -->By.xpath: //input[@placeholder='Email']
23:22:55 INFO  application.MyListener - The element -->By.xpath: //input[@placeholder='Email']was found
23:22:55 INFO  application.MyListener - Start find element by -->By.xpath: //input[@placeholder='Password']
23:22:55 INFO  application.MyListener - The element -->By.xpath: //input[@placeholder='Password']was found
23:22:55 INFO  tests.TestBase - Login with --> email: "anatan@gmail.com", password: "Aa12345$"
23:22:55 INFO  application.MyListener - Start find element by -->By.xpath: //button[.=' Login']
23:22:55 INFO  application.MyListener - The element -->By.xpath: //button[.=' Login']was found
23:22:55 INFO  application.MyListener - Start find element by -->By.xpath: //*[.='Sign Out']
23:22:55 INFO  application.MyListener - The element -->By.xpath: //*[.='Sign Out']was found
23:22:55 INFO  application.MyListener - Start find element by -->By.xpath: //*[.='Sign Out']
23:22:55 INFO  application.MyListener - The element -->By.xpath: //*[.='Sign Out']was found
23:22:55 INFO  tests.TestBase - End of method --> loginTestDP_CSV
23:22:55 INFO  tests.TestBase - Start method  --> loginTestDataProviderClass
23:22:55 INFO  application.MyListener - Start find element by -->By.xpath: //*[.='Sign Out']
23:22:55 INFO  application.MyListener - The element -->By.xpath: //*[.='Sign Out']was found
23:22:55 INFO  application.MyListener - Start find element by -->By.xpath: //*[.='Sign Out']
23:22:55 INFO  application.MyListener - The element -->By.xpath: //*[.='Sign Out']was found
23:22:56 INFO  application.MyListener - Start find element by -->By.xpath: //a[.='LOGIN']
23:22:56 INFO  application.MyListener - The element -->By.xpath: //a[.='LOGIN']was found
23:22:56 INFO  application.MyListener - Start find element by -->By.xpath: //input[@placeholder='Email']
23:22:56 INFO  application.MyListener - The element -->By.xpath: //input[@placeholder='Email']was found
23:22:56 INFO  application.MyListener - Start find element by -->By.xpath: //input[@placeholder='Password']
23:22:56 INFO  application.MyListener - The element -->By.xpath: //input[@placeholder='Password']was found
23:22:56 INFO  application.MyListener - Start find element by -->By.xpath: //button[.=' Login']
23:22:56 INFO  application.MyListener - The element -->By.xpath: //button[.=' Login']was found
23:22:56 INFO  application.MyListener - Start find element by -->By.xpath: //a[.='CONTACTS']
23:22:56 INFO  application.MyListener - The element -->By.xpath: //a[.='CONTACTS']was found
23:22:56 INFO  application.MyListener - Start find element by -->By.xpath: //*[.='Sign Out']
23:22:56 INFO  application.MyListener - The element -->By.xpath: //*[.='Sign Out']was found
23:22:56 INFO  tests.TestBase - End of method --> loginTestDataProviderClass
23:22:56 INFO  tests.TestBase - Start method  --> loginTestDataProviderClass
23:22:56 INFO  application.MyListener - Start find element by -->By.xpath: //*[.='Sign Out']
23:22:56 INFO  application.MyListener - The element -->By.xpath: //*[.='Sign Out']was found
23:22:56 INFO  application.MyListener - Start find element by -->By.xpath: //*[.='Sign Out']
23:22:56 INFO  application.MyListener - The element -->By.xpath: //*[.='Sign Out']was found
23:22:56 INFO  application.MyListener - Start find element by -->By.xpath: //a[.='LOGIN']
23:22:56 INFO  application.MyListener - The element -->By.xpath: //a[.='LOGIN']was found
23:22:56 INFO  application.MyListener - Start find element by -->By.xpath: //input[@placeholder='Email']
23:22:56 INFO  application.MyListener - The element -->By.xpath: //input[@placeholder='Email']was found
23:22:56 INFO  application.MyListener - Start find element by -->By.xpath: //input[@placeholder='Password']
23:22:56 INFO  application.MyListener - The element -->By.xpath: //input[@placeholder='Password']was found
23:22:57 INFO  application.MyListener - Start find element by -->By.xpath: //button[.=' Login']
23:22:57 INFO  application.MyListener - The element -->By.xpath: //button[.=' Login']was found
23:22:57 INFO  application.MyListener - Start find element by -->By.xpath: //a[.='CONTACTS']
23:22:57 INFO  application.MyListener - The element -->By.xpath: //a[.='CONTACTS']was found
23:22:57 INFO  application.MyListener - Start find element by -->By.xpath: //*[.='Sign Out']
23:22:57 INFO  application.MyListener - The element -->By.xpath: //*[.='Sign Out']was found
23:22:57 INFO  tests.TestBase - End of method --> loginTestDataProviderClass
23:22:57 INFO  tests.TestBase - Start method  --> loginTestDataProviderClass
23:22:57 INFO  application.MyListener - Start find element by -->By.xpath: //*[.='Sign Out']
23:22:57 INFO  application.MyListener - The element -->By.xpath: //*[.='Sign Out']was found
23:22:57 INFO  application.MyListener - Start find element by -->By.xpath: //*[.='Sign Out']
23:22:57 INFO  application.MyListener - The element -->By.xpath: //*[.='Sign Out']was found
23:22:57 INFO  application.MyListener - Start find element by -->By.xpath: //a[.='LOGIN']
23:22:57 INFO  application.MyListener - The element -->By.xpath: //a[.='LOGIN']was found
23:22:57 INFO  application.MyListener - Start find element by -->By.xpath: //input[@placeholder='Email']
23:22:57 INFO  application.MyListener - The element -->By.xpath: //input[@placeholder='Email']was found
23:22:57 INFO  application.MyListener - Start find element by -->By.xpath: //input[@placeholder='Password']
23:22:57 INFO  application.MyListener - The element -->By.xpath: //input[@placeholder='Password']was found
23:22:57 INFO  application.MyListener - Start find element by -->By.xpath: //button[.=' Login']
23:22:57 INFO  application.MyListener - The element -->By.xpath: //button[.=' Login']was found
23:22:57 INFO  application.MyListener - Start find element by -->By.xpath: //a[.='CONTACTS']
23:22:58 INFO  application.MyListener - The element -->By.xpath: //a[.='CONTACTS']was found
23:22:58 INFO  application.MyListener - Start find element by -->By.xpath: //*[.='Sign Out']
23:22:58 INFO  application.MyListener - The element -->By.xpath: //*[.='Sign Out']was found
23:22:58 INFO  tests.TestBase - End of method --> loginTestDataProviderClass
