14:25:07 INFO  application.AppManager - Start in browser CHROME
14:25:08 INFO  tests.TestBase - Start method  --> addContactTestBase
14:25:08 INFO  application.MyListener - Start find element by -->By.xpath: //*[.='Sign Out']
14:25:18 INFO  application.MyListener - The element -->By.xpath: //*[.='Sign Out']was found
14:25:18 INFO  application.MyListener - Start find element by -->By.xpath: //a[.='LOGIN']
14:25:18 INFO  application.MyListener - The element -->By.xpath: //a[.='LOGIN']was found
14:25:19 INFO  application.MyListener - Start find element by -->By.xpath: //input[@placeholder='Email']
14:25:19 INFO  application.MyListener - The element -->By.xpath: //input[@placeholder='Email']was found
14:25:19 INFO  application.MyListener - Start find element by -->By.xpath: //input[@placeholder='Password']
14:25:19 INFO  application.MyListener - The element -->By.xpath: //input[@placeholder='Password']was found
14:25:19 INFO  application.MyListener - Start find element by -->By.xpath: //button[.=' Login']
14:25:19 INFO  application.MyListener - The element -->By.xpath: //button[.=' Login']was found
14:25:19 INFO  application.MyListener - Start find element by -->By.xpath: //*[.='ADD']
14:25:20 INFO  application.MyListener - The element -->By.xpath: //*[.='ADD']was found
14:25:20 INFO  application.MyListener - Start find element by -->By.xpath: //a[.='ADD']
14:25:20 INFO  application.MyListener - The element -->By.xpath: //a[.='ADD']was found
14:25:20 INFO  application.MyListener - Start find element by -->By.cssSelector: [placeholder='Name']
14:25:20 INFO  application.MyListener - The element -->By.cssSelector: [placeholder='Name']was found
14:25:20 INFO  application.MyListener - Start find element by -->By.cssSelector: [placeholder='Last Name']
14:25:20 INFO  application.MyListener - The element -->By.cssSelector: [placeholder='Last Name']was found
14:25:20 INFO  application.MyListener - Start find element by -->By.cssSelector: [placeholder='Phone']
14:25:20 INFO  application.MyListener - The element -->By.cssSelector: [placeholder='Phone']was found
14:25:20 INFO  application.MyListener - Start find element by -->By.cssSelector: [placeholder='email']
14:25:20 INFO  application.MyListener - The element -->By.cssSelector: [placeholder='email']was found
14:25:20 INFO  application.MyListener - Start find element by -->By.cssSelector: [placeholder='Address']
14:25:20 INFO  application.MyListener - The element -->By.cssSelector: [placeholder='Address']was found
14:25:21 INFO  application.MyListener - Start find element by -->By.cssSelector: [placeholder='description']
14:25:21 INFO  application.MyListener - The element -->By.cssSelector: [placeholder='description']was found
14:25:21 INFO  application.MyListener - Start find element by -->By.xpath: //button/b
14:25:21 INFO  application.MyListener - The element -->By.xpath: //button/bwas found
14:25:21 INFO  application.MyListener - Start find element by -->By.xpath: //h3
14:25:21 INFO  application.MyListener - The element -->By.xpath: //h3was found
14:25:21 INFO  application.MyListener - Start find element by -->By.cssSelector: .contact-item_card__2SOIM
14:25:21 INFO  application.MyListener - The element -->By.cssSelector: .contact-item_card__2SOIMwas found
14:25:21 INFO  application.MyListener - Start find element by -->By.cssSelector: .contact-item_card__2SOIM
14:25:21 INFO  application.MyListener - The element -->By.cssSelector: .contact-item_card__2SOIMwas found
14:25:21 INFO  application.MyListener - Start find element by -->By.cssSelector: .contact-item_card__2SOIM
14:25:21 INFO  application.MyListener - The element -->By.cssSelector: .contact-item_card__2SOIMwas found
14:25:21 INFO  application.MyListener - Start find element by -->By.cssSelector: .contact-item_card__2SOIM
14:25:21 INFO  application.MyListener - The element -->By.cssSelector: .contact-item_card__2SOIMwas found
14:25:21 INFO  application.MyListener - Start find element by -->By.xpath: //button[.='Remove']
14:25:21 INFO  application.MyListener - The element -->By.xpath: //button[.='Remove']was found
14:25:23 INFO  application.MyListener - Start find element by -->By.cssSelector: .contact-item_card__2SOIM
14:25:34 INFO  application.MyListener - The element -->By.cssSelector: .contact-item_card__2SOIMwas found
14:25:34 INFO  application.MyListener - Start find element by -->By.cssSelector: .contact-item_card__2SOIM
14:25:44 INFO  application.MyListener - The element -->By.cssSelector: .contact-item_card__2SOIMwas found
14:25:44 INFO  tests.TestBase - End of method --> addContactTestBase
14:25:44 INFO  tests.TestBase - Start method  --> addContactTestBase
14:25:44 INFO  application.MyListener - Start find element by -->By.xpath: //*[.='Sign Out']
14:25:44 INFO  application.MyListener - The element -->By.xpath: //*[.='Sign Out']was found
14:25:44 INFO  application.MyListener - Start find element by -->By.xpath: //a[.='ADD']
14:25:44 INFO  application.MyListener - The element -->By.xpath: //a[.='ADD']was found
14:25:44 INFO  application.MyListener - Start find element by -->By.cssSelector: [placeholder='Name']
14:25:44 INFO  application.MyListener - The element -->By.cssSelector: [placeholder='Name']was found
14:25:44 INFO  application.MyListener - Start find element by -->By.cssSelector: [placeholder='Last Name']
14:25:44 INFO  application.MyListener - The element -->By.cssSelector: [placeholder='Last Name']was found
14:25:44 INFO  application.MyListener - Start find element by -->By.cssSelector: [placeholder='Phone']
14:25:44 INFO  application.MyListener - The element -->By.cssSelector: [placeholder='Phone']was found
14:25:44 INFO  application.MyListener - Start find element by -->By.cssSelector: [placeholder='email']
14:25:44 INFO  application.MyListener - The element -->By.cssSelector: [placeholder='email']was found
14:25:44 INFO  application.MyListener - Start find element by -->By.cssSelector: [placeholder='Address']
14:25:44 INFO  application.MyListener - The element -->By.cssSelector: [placeholder='Address']was found
14:25:44 INFO  application.MyListener - Start find element by -->By.cssSelector: [placeholder='description']
14:25:44 INFO  application.MyListener - The element -->By.cssSelector: [placeholder='description']was found
14:25:45 INFO  application.MyListener - Start find element by -->By.xpath: //button/b
14:25:45 INFO  application.MyListener - The element -->By.xpath: //button/bwas found
14:25:45 INFO  application.MyListener - Start find element by -->By.xpath: //h3
14:25:45 INFO  application.MyListener - The element -->By.xpath: //h3was found
14:25:45 INFO  application.MyListener - Start find element by -->By.cssSelector: .contact-item_card__2SOIM
14:25:45 INFO  application.MyListener - The element -->By.cssSelector: .contact-item_card__2SOIMwas found
14:25:45 INFO  application.MyListener - Start find element by -->By.cssSelector: .contact-item_card__2SOIM
14:25:45 INFO  application.MyListener - The element -->By.cssSelector: .contact-item_card__2SOIMwas found
14:25:45 INFO  application.MyListener - Start find element by -->By.cssSelector: .contact-item_card__2SOIM
14:25:45 INFO  application.MyListener - The element -->By.cssSelector: .contact-item_card__2SOIMwas found
14:25:45 INFO  application.MyListener - Start find element by -->By.cssSelector: .contact-item_card__2SOIM
14:25:45 INFO  application.MyListener - The element -->By.cssSelector: .contact-item_card__2SOIMwas found
14:25:45 INFO  application.MyListener - Start find element by -->By.xpath: //button[.='Remove']
14:25:45 INFO  application.MyListener - The element -->By.xpath: //button[.='Remove']was found
14:25:47 INFO  application.MyListener - Start find element by -->By.cssSelector: .contact-item_card__2SOIM
14:25:57 INFO  application.MyListener - The element -->By.cssSelector: .contact-item_card__2SOIMwas found
14:25:57 INFO  application.MyListener - Start find element by -->By.cssSelector: .contact-item_card__2SOIM
14:26:08 INFO  application.MyListener - The element -->By.cssSelector: .contact-item_card__2SOIMwas found
14:26:08 INFO  tests.TestBase - End of method --> addContactTestBase
14:26:08 INFO  tests.TestBase - Start method  --> addContactTestBase
14:26:08 INFO  application.MyListener - Start find element by -->By.xpath: //*[.='Sign Out']
14:26:08 INFO  application.MyListener - The element -->By.xpath: //*[.='Sign Out']was found
14:26:08 INFO  application.MyListener - Start find element by -->By.xpath: //a[.='ADD']
14:26:08 INFO  application.MyListener - The element -->By.xpath: //a[.='ADD']was found
14:26:08 INFO  application.MyListener - Start find element by -->By.cssSelector: [placeholder='Name']
14:26:08 INFO  application.MyListener - The element -->By.cssSelector: [placeholder='Name']was found
14:26:08 INFO  application.MyListener - Start find element by -->By.cssSelector: [placeholder='Last Name']
14:26:08 INFO  application.MyListener - The element -->By.cssSelector: [placeholder='Last Name']was found
14:26:08 INFO  application.MyListener - Start find element by -->By.cssSelector: [placeholder='Phone']
14:26:08 INFO  application.MyListener - The element -->By.cssSelector: [placeholder='Phone']was found
14:26:08 INFO  application.MyListener - Start find element by -->By.cssSelector: [placeholder='email']
14:26:08 INFO  application.MyListener - The element -->By.cssSelector: [placeholder='email']was found
14:26:08 INFO  application.MyListener - Start find element by -->By.cssSelector: [placeholder='Address']
14:26:08 INFO  application.MyListener - The element -->By.cssSelector: [placeholder='Address']was found
14:26:08 INFO  application.MyListener - Start find element by -->By.cssSelector: [placeholder='description']
14:26:08 INFO  application.MyListener - The element -->By.cssSelector: [placeholder='description']was found
14:26:09 INFO  application.MyListener - Start find element by -->By.xpath: //button/b
14:26:09 INFO  application.MyListener - The element -->By.xpath: //button/bwas found
14:26:09 INFO  application.MyListener - Start find element by -->By.xpath: //h3
14:26:09 INFO  application.MyListener - The element -->By.xpath: //h3was found
14:26:09 INFO  application.MyListener - Start find element by -->By.cssSelector: .contact-item_card__2SOIM
14:26:09 INFO  application.MyListener - The element -->By.cssSelector: .contact-item_card__2SOIMwas found
14:26:09 INFO  application.MyListener - Start find element by -->By.cssSelector: .contact-item_card__2SOIM
14:26:09 INFO  application.MyListener - The element -->By.cssSelector: .contact-item_card__2SOIMwas found
14:26:09 INFO  application.MyListener - Start find element by -->By.cssSelector: .contact-item_card__2SOIM
14:26:09 INFO  application.MyListener - The element -->By.cssSelector: .contact-item_card__2SOIMwas found
14:26:09 INFO  application.MyListener - Start find element by -->By.cssSelector: .contact-item_card__2SOIM
14:26:09 INFO  application.MyListener - The element -->By.cssSelector: .contact-item_card__2SOIMwas found
14:26:09 INFO  application.MyListener - Start find element by -->By.xpath: //button[.='Remove']
14:26:09 INFO  application.MyListener - The element -->By.xpath: //button[.='Remove']was found
14:26:11 INFO  application.MyListener - Start find element by -->By.cssSelector: .contact-item_card__2SOIM
14:26:22 INFO  application.MyListener - The element -->By.cssSelector: .contact-item_card__2SOIMwas found
14:26:22 INFO  application.MyListener - Start find element by -->By.cssSelector: .contact-item_card__2SOIM
14:26:32 INFO  application.MyListener - The element -->By.cssSelector: .contact-item_card__2SOIMwas found
14:26:32 INFO  tests.TestBase - End of method --> addContactTestBase
14:26:32 INFO  tests.TestBase - Start method  --> addContactTestBase
14:26:32 INFO  application.MyListener - Start find element by -->By.xpath: //*[.='Sign Out']
14:26:32 INFO  application.MyListener - The element -->By.xpath: //*[.='Sign Out']was found
14:26:32 INFO  application.MyListener - Start find element by -->By.xpath: //a[.='ADD']
14:26:32 INFO  application.MyListener - The element -->By.xpath: //a[.='ADD']was found
14:26:32 INFO  application.MyListener - Start find element by -->By.cssSelector: [placeholder='Name']
14:26:32 INFO  application.MyListener - The element -->By.cssSelector: [placeholder='Name']was found
14:26:32 INFO  application.MyListener - Start find element by -->By.cssSelector: [placeholder='Last Name']
14:26:32 INFO  application.MyListener - The element -->By.cssSelector: [placeholder='Last Name']was found
14:26:32 INFO  application.MyListener - Start find element by -->By.cssSelector: [placeholder='Phone']
14:26:32 INFO  application.MyListener - The element -->By.cssSelector: [placeholder='Phone']was found
14:26:32 INFO  application.MyListener - Start find element by -->By.cssSelector: [placeholder='email']
14:26:32 INFO  application.MyListener - The element -->By.cssSelector: [placeholder='email']was found
14:26:32 INFO  application.MyListener - Start find element by -->By.cssSelector: [placeholder='Address']
14:26:32 INFO  application.MyListener - The element -->By.cssSelector: [placeholder='Address']was found
14:26:32 INFO  application.MyListener - Start find element by -->By.cssSelector: [placeholder='description']
14:26:32 INFO  application.MyListener - The element -->By.cssSelector: [placeholder='description']was found
14:26:33 INFO  application.MyListener - Start find element by -->By.xpath: //button/b
14:26:33 INFO  application.MyListener - The element -->By.xpath: //button/bwas found
14:26:33 INFO  application.MyListener - Start find element by -->By.xpath: //h3
14:26:33 INFO  application.MyListener - The element -->By.xpath: //h3was found
14:26:33 INFO  application.MyListener - Start find element by -->By.cssSelector: .contact-item_card__2SOIM
14:26:33 INFO  application.MyListener - The element -->By.cssSelector: .contact-item_card__2SOIMwas found
14:26:33 INFO  application.MyListener - Start find element by -->By.cssSelector: .contact-item_card__2SOIM
14:26:33 INFO  application.MyListener - The element -->By.cssSelector: .contact-item_card__2SOIMwas found
14:26:33 INFO  application.MyListener - Start find element by -->By.cssSelector: .contact-item_card__2SOIM
14:26:33 INFO  application.MyListener - The element -->By.cssSelector: .contact-item_card__2SOIMwas found
14:26:33 INFO  application.MyListener - Start find element by -->By.cssSelector: .contact-item_card__2SOIM
14:26:33 INFO  application.MyListener - The element -->By.cssSelector: .contact-item_card__2SOIMwas found
14:26:33 INFO  application.MyListener - Start find element by -->By.xpath: //button[.='Remove']
14:26:34 INFO  application.MyListener - The element -->By.xpath: //button[.='Remove']was found
14:26:36 INFO  application.MyListener - Start find element by -->By.cssSelector: .contact-item_card__2SOIM
14:26:46 INFO  application.MyListener - The element -->By.cssSelector: .contact-item_card__2SOIMwas found
14:26:46 INFO  application.MyListener - Start find element by -->By.cssSelector: .contact-item_card__2SOIM
14:26:56 INFO  application.MyListener - The element -->By.cssSelector: .contact-item_card__2SOIMwas found
14:26:56 INFO  tests.TestBase - End of method --> addContactTestBase
14:26:56 INFO  tests.TestBase - Start method  --> addContactTestBase
14:26:56 INFO  application.MyListener - Start find element by -->By.xpath: //*[.='Sign Out']
14:26:56 INFO  application.MyListener - The element -->By.xpath: //*[.='Sign Out']was found
14:26:56 INFO  application.MyListener - Start find element by -->By.xpath: //a[.='ADD']
14:26:56 INFO  application.MyListener - The element -->By.xpath: //a[.='ADD']was found
14:26:56 INFO  application.MyListener - Start find element by -->By.cssSelector: [placeholder='Name']
14:26:56 INFO  application.MyListener - The element -->By.cssSelector: [placeholder='Name']was found
14:26:56 INFO  application.MyListener - Start find element by -->By.cssSelector: [placeholder='Last Name']
14:26:56 INFO  application.MyListener - The element -->By.cssSelector: [placeholder='Last Name']was found
14:26:56 INFO  application.MyListener - Start find element by -->By.cssSelector: [placeholder='Phone']
14:26:56 INFO  application.MyListener - The element -->By.cssSelector: [placeholder='Phone']was found
14:26:56 INFO  application.MyListener - Start find element by -->By.cssSelector: [placeholder='email']
14:26:56 INFO  application.MyListener - The element -->By.cssSelector: [placeholder='email']was found
14:26:56 INFO  application.MyListener - Start find element by -->By.cssSelector: [placeholder='Address']
14:26:56 INFO  application.MyListener - The element -->By.cssSelector: [placeholder='Address']was found
14:26:56 INFO  application.MyListener - Start find element by -->By.cssSelector: [placeholder='description']
14:26:56 INFO  application.MyListener - The element -->By.cssSelector: [placeholder='description']was found
14:26:57 INFO  application.MyListener - Start find element by -->By.xpath: //button/b
14:26:57 INFO  application.MyListener - The element -->By.xpath: //button/bwas found
14:26:57 INFO  application.MyListener - Start find element by -->By.xpath: //h3
14:26:57 INFO  application.MyListener - The element -->By.xpath: //h3was found
14:26:57 INFO  application.MyListener - Start find element by -->By.cssSelector: .contact-item_card__2SOIM
14:26:57 INFO  application.MyListener - The element -->By.cssSelector: .contact-item_card__2SOIMwas found
14:26:57 INFO  application.MyListener - Start find element by -->By.cssSelector: .contact-item_card__2SOIM
14:26:57 INFO  application.MyListener - The element -->By.cssSelector: .contact-item_card__2SOIMwas found
14:26:57 INFO  application.MyListener - Start find element by -->By.cssSelector: .contact-item_card__2SOIM
14:26:57 INFO  application.MyListener - The element -->By.cssSelector: .contact-item_card__2SOIMwas found
14:26:57 INFO  application.MyListener - Start find element by -->By.cssSelector: .contact-item_card__2SOIM
14:26:57 INFO  application.MyListener - The element -->By.cssSelector: .contact-item_card__2SOIMwas found
14:26:57 INFO  application.MyListener - Start find element by -->By.xpath: //button[.='Remove']
14:26:57 INFO  application.MyListener - The element -->By.xpath: //button[.='Remove']was found
14:26:59 INFO  application.MyListener - Start find element by -->By.cssSelector: .contact-item_card__2SOIM
14:27:09 INFO  application.MyListener - The element -->By.cssSelector: .contact-item_card__2SOIMwas found
14:27:09 INFO  application.MyListener - Start find element by -->By.cssSelector: .contact-item_card__2SOIM
14:27:20 INFO  application.MyListener - The element -->By.cssSelector: .contact-item_card__2SOIMwas found
14:27:20 INFO  tests.TestBase - End of method --> addContactTestBase
14:27:20 INFO  tests.TestBase - Start method  --> addContactTestBase
14:27:20 INFO  application.MyListener - Start find element by -->By.xpath: //*[.='Sign Out']
14:27:20 INFO  application.MyListener - The element -->By.xpath: //*[.='Sign Out']was found
14:27:20 INFO  application.MyListener - Start find element by -->By.xpath: //a[.='ADD']
14:27:20 INFO  application.MyListener - The element -->By.xpath: //a[.='ADD']was found
14:27:20 INFO  application.MyListener - Start find element by -->By.cssSelector: [placeholder='Name']
14:27:20 INFO  application.MyListener - The element -->By.cssSelector: [placeholder='Name']was found
14:27:20 INFO  application.MyListener - Start find element by -->By.cssSelector: [placeholder='Last Name']
14:27:20 INFO  application.MyListener - The element -->By.cssSelector: [placeholder='Last Name']was found
14:27:20 INFO  application.MyListener - Start find element by -->By.cssSelector: [placeholder='Phone']
14:27:20 INFO  application.MyListener - The element -->By.cssSelector: [placeholder='Phone']was found
14:27:20 INFO  application.MyListener - Start find element by -->By.cssSelector: [placeholder='email']
14:27:20 INFO  application.MyListener - The element -->By.cssSelector: [placeholder='email']was found
14:27:20 INFO  application.MyListener - Start find element by -->By.cssSelector: [placeholder='Address']
14:27:20 INFO  application.MyListener - The element -->By.cssSelector: [placeholder='Address']was found
14:27:20 INFO  application.MyListener - Start find element by -->By.cssSelector: [placeholder='description']
14:27:20 INFO  application.MyListener - The element -->By.cssSelector: [placeholder='description']was found
14:27:21 INFO  application.MyListener - Start find element by -->By.xpath: //button/b
14:27:21 INFO  application.MyListener - The element -->By.xpath: //button/bwas found
14:27:21 INFO  application.MyListener - Start find element by -->By.xpath: //h3
14:27:21 INFO  application.MyListener - The element -->By.xpath: //h3was found
14:27:21 INFO  application.MyListener - Start find element by -->By.cssSelector: .contact-item_card__2SOIM
14:27:21 INFO  application.MyListener - The element -->By.cssSelector: .contact-item_card__2SOIMwas found
14:27:21 INFO  application.MyListener - Start find element by -->By.cssSelector: .contact-item_card__2SOIM
14:27:21 INFO  application.MyListener - The element -->By.cssSelector: .contact-item_card__2SOIMwas found
14:27:21 INFO  application.MyListener - Start find element by -->By.cssSelector: .contact-item_card__2SOIM
14:27:21 INFO  application.MyListener - The element -->By.cssSelector: .contact-item_card__2SOIMwas found
14:27:21 INFO  application.MyListener - Start find element by -->By.cssSelector: .contact-item_card__2SOIM
14:27:21 INFO  application.MyListener - The element -->By.cssSelector: .contact-item_card__2SOIMwas found
14:27:21 INFO  application.MyListener - Start find element by -->By.xpath: //button[.='Remove']
14:27:21 INFO  application.MyListener - The element -->By.xpath: //button[.='Remove']was found
14:27:23 INFO  application.MyListener - Start find element by -->By.cssSelector: .contact-item_card__2SOIM
14:27:33 INFO  application.MyListener - The element -->By.cssSelector: .contact-item_card__2SOIMwas found
14:27:33 INFO  application.MyListener - Start find element by -->By.cssSelector: .contact-item_card__2SOIM
14:27:44 INFO  application.MyListener - The element -->By.cssSelector: .contact-item_card__2SOIMwas found
14:27:44 INFO  tests.TestBase - End of method --> addContactTestBase
14:27:44 INFO  tests.TestBase - Start method  --> addContactTestBase
14:27:44 INFO  application.MyListener - Start find element by -->By.xpath: //*[.='Sign Out']
14:27:44 INFO  application.MyListener - The element -->By.xpath: //*[.='Sign Out']was found
14:27:44 INFO  application.MyListener - Start find element by -->By.xpath: //a[.='ADD']
14:27:44 INFO  application.MyListener - The element -->By.xpath: //a[.='ADD']was found
14:27:44 INFO  application.MyListener - Start find element by -->By.cssSelector: [placeholder='Name']
14:27:44 INFO  application.MyListener - The element -->By.cssSelector: [placeholder='Name']was found
14:27:44 INFO  application.MyListener - Start find element by -->By.cssSelector: [placeholder='Last Name']
14:27:44 INFO  application.MyListener - The element -->By.cssSelector: [placeholder='Last Name']was found
14:27:44 INFO  application.MyListener - Start find element by -->By.cssSelector: [placeholder='Phone']
14:27:44 INFO  application.MyListener - The element -->By.cssSelector: [placeholder='Phone']was found
14:27:44 INFO  application.MyListener - Start find element by -->By.cssSelector: [placeholder='email']
14:27:44 INFO  application.MyListener - The element -->By.cssSelector: [placeholder='email']was found
14:27:44 INFO  application.MyListener - Start find element by -->By.cssSelector: [placeholder='Address']
14:27:44 INFO  application.MyListener - The element -->By.cssSelector: [placeholder='Address']was found
14:27:44 INFO  application.MyListener - Start find element by -->By.cssSelector: [placeholder='description']
14:27:44 INFO  application.MyListener - The element -->By.cssSelector: [placeholder='description']was found
14:27:44 INFO  application.MyListener - Start find element by -->By.xpath: //button/b
14:27:44 INFO  application.MyListener - The element -->By.xpath: //button/bwas found
14:27:45 INFO  application.MyListener - Start find element by -->By.xpath: //h3
14:27:45 INFO  application.MyListener - The element -->By.xpath: //h3was found
14:27:46 INFO  application.MyListener - Start find element by -->By.cssSelector: .contact-item_card__2SOIM
14:27:46 INFO  application.MyListener - The element -->By.cssSelector: .contact-item_card__2SOIMwas found
14:27:46 INFO  application.MyListener - Start find element by -->By.cssSelector: .contact-item_card__2SOIM
14:27:46 INFO  application.MyListener - The element -->By.cssSelector: .contact-item_card__2SOIMwas found
14:27:46 INFO  application.MyListener - Start find element by -->By.cssSelector: .contact-item_card__2SOIM
14:27:46 INFO  application.MyListener - The element -->By.cssSelector: .contact-item_card__2SOIMwas found
14:27:46 INFO  application.MyListener - Start find element by -->By.cssSelector: .contact-item_card__2SOIM
14:27:46 INFO  application.MyListener - The element -->By.cssSelector: .contact-item_card__2SOIMwas found
14:27:46 INFO  application.MyListener - Start find element by -->By.xpath: //button[.='Remove']
14:27:46 INFO  application.MyListener - The element -->By.xpath: //button[.='Remove']was found
14:27:48 INFO  application.MyListener - Start find element by -->By.cssSelector: .contact-item_card__2SOIM
14:27:58 INFO  application.MyListener - The element -->By.cssSelector: .contact-item_card__2SOIMwas found
14:27:58 INFO  application.MyListener - Start find element by -->By.cssSelector: .contact-item_card__2SOIM
14:28:08 INFO  application.MyListener - The element -->By.cssSelector: .contact-item_card__2SOIMwas found
14:28:08 INFO  tests.TestBase - End of method --> addContactTestBase
14:28:08 INFO  tests.TestBase - Start method  --> addContactTestCSV
14:28:08 INFO  application.MyListener - Start find element by -->By.xpath: //*[.='Sign Out']
14:28:08 INFO  application.MyListener - The element -->By.xpath: //*[.='Sign Out']was found
14:28:08 INFO  application.MyListener - Start find element by -->By.xpath: //a[.='ADD']
14:28:08 INFO  application.MyListener - The element -->By.xpath: //a[.='ADD']was found
14:28:08 INFO  application.MyListener - Start find element by -->By.cssSelector: [placeholder='Name']
14:28:08 INFO  application.MyListener - The element -->By.cssSelector: [placeholder='Name']was found
14:28:08 INFO  application.MyListener - Start find element by -->By.cssSelector: [placeholder='Last Name']
14:28:08 INFO  application.MyListener - The element -->By.cssSelector: [placeholder='Last Name']was found
14:28:08 INFO  application.MyListener - Start find element by -->By.cssSelector: [placeholder='Phone']
14:28:08 INFO  application.MyListener - The element -->By.cssSelector: [placeholder='Phone']was found
14:28:08 INFO  application.MyListener - Start find element by -->By.cssSelector: [placeholder='email']
14:28:08 INFO  application.MyListener - The element -->By.cssSelector: [placeholder='email']was found
14:28:09 INFO  application.MyListener - Start find element by -->By.cssSelector: [placeholder='Address']
14:28:09 INFO  application.MyListener - The element -->By.cssSelector: [placeholder='Address']was found
14:28:09 INFO  application.MyListener - Start find element by -->By.cssSelector: [placeholder='description']
14:28:09 INFO  application.MyListener - The element -->By.cssSelector: [placeholder='description']was found
14:28:09 INFO  application.MyListener - Start find element by -->By.xpath: //button/b
14:28:09 INFO  application.MyListener - The element -->By.xpath: //button/bwas found
14:28:09 INFO  application.MyListener - Start find element by -->By.xpath: //h3
14:28:10 INFO  application.MyListener - The element -->By.xpath: //h3was found
14:28:10 INFO  application.MyListener - Start find element by -->By.cssSelector: .contact-item_card__2SOIM
14:28:10 INFO  application.MyListener - The element -->By.cssSelector: .contact-item_card__2SOIMwas found
14:28:10 INFO  application.MyListener - Start find element by -->By.cssSelector: .contact-item_card__2SOIM
14:28:10 INFO  application.MyListener - The element -->By.cssSelector: .contact-item_card__2SOIMwas found
14:28:10 INFO  application.MyListener - Start find element by -->By.cssSelector: .contact-item_card__2SOIM
14:28:10 INFO  application.MyListener - The element -->By.cssSelector: .contact-item_card__2SOIMwas found
14:28:10 INFO  application.MyListener - Start find element by -->By.cssSelector: .contact-item_card__2SOIM
14:28:10 INFO  application.MyListener - The element -->By.cssSelector: .contact-item_card__2SOIMwas found
14:28:10 INFO  application.MyListener - Start find element by -->By.xpath: //button[.='Remove']
14:28:10 INFO  application.MyListener - The element -->By.xpath: //button[.='Remove']was found
14:28:12 INFO  application.MyListener - Start find element by -->By.cssSelector: .contact-item_card__2SOIM
14:28:22 INFO  application.MyListener - The element -->By.cssSelector: .contact-item_card__2SOIMwas found
14:28:22 INFO  application.MyListener - Start find element by -->By.cssSelector: .contact-item_card__2SOIM
14:28:32 INFO  application.MyListener - The element -->By.cssSelector: .contact-item_card__2SOIMwas found
14:28:32 INFO  tests.TestBase - End of method --> addContactTestCSV
14:28:32 INFO  tests.TestBase - Start method  --> addContactTestCSV
14:28:32 INFO  application.MyListener - Start find element by -->By.xpath: //*[.='Sign Out']
14:28:32 INFO  application.MyListener - The element -->By.xpath: //*[.='Sign Out']was found
14:28:32 INFO  application.MyListener - Start find element by -->By.xpath: //a[.='ADD']
14:28:33 INFO  application.MyListener - The element -->By.xpath: //a[.='ADD']was found
14:28:33 INFO  application.MyListener - Start find element by -->By.cssSelector: [placeholder='Name']
14:28:33 INFO  application.MyListener - The element -->By.cssSelector: [placeholder='Name']was found
14:28:33 INFO  application.MyListener - Start find element by -->By.cssSelector: [placeholder='Last Name']
14:28:33 INFO  application.MyListener - The element -->By.cssSelector: [placeholder='Last Name']was found
14:28:33 INFO  application.MyListener - Start find element by -->By.cssSelector: [placeholder='Phone']
14:28:33 INFO  application.MyListener - The element -->By.cssSelector: [placeholder='Phone']was found
14:28:33 INFO  application.MyListener - Start find element by -->By.cssSelector: [placeholder='email']
14:28:33 INFO  application.MyListener - The element -->By.cssSelector: [placeholder='email']was found
14:28:33 INFO  application.MyListener - Start find element by -->By.cssSelector: [placeholder='Address']
14:28:33 INFO  application.MyListener - The element -->By.cssSelector: [placeholder='Address']was found
14:28:33 INFO  application.MyListener - Start find element by -->By.cssSelector: [placeholder='description']
14:28:33 INFO  application.MyListener - The element -->By.cssSelector: [placeholder='description']was found
14:28:34 INFO  application.MyListener - Start find element by -->By.xpath: //button/b
14:28:34 INFO  application.MyListener - The element -->By.xpath: //button/bwas found
14:28:34 INFO  application.MyListener - Start find element by -->By.xpath: //h3
14:28:34 INFO  application.MyListener - The element -->By.xpath: //h3was found
14:28:34 INFO  application.MyListener - Start find element by -->By.cssSelector: .contact-item_card__2SOIM
14:28:34 INFO  application.MyListener - The element -->By.cssSelector: .contact-item_card__2SOIMwas found
14:28:34 INFO  application.MyListener - Start find element by -->By.cssSelector: .contact-item_card__2SOIM
14:28:34 INFO  application.MyListener - The element -->By.cssSelector: .contact-item_card__2SOIMwas found
14:28:34 INFO  application.MyListener - Start find element by -->By.cssSelector: .contact-item_card__2SOIM
14:28:34 INFO  application.MyListener - The element -->By.cssSelector: .contact-item_card__2SOIMwas found
14:28:34 INFO  application.MyListener - Start find element by -->By.cssSelector: .contact-item_card__2SOIM
14:28:34 INFO  application.MyListener - The element -->By.cssSelector: .contact-item_card__2SOIMwas found
14:28:34 INFO  application.MyListener - Start find element by -->By.xpath: //button[.='Remove']
14:28:34 INFO  application.MyListener - The element -->By.xpath: //button[.='Remove']was found
14:28:36 INFO  application.MyListener - Start find element by -->By.cssSelector: .contact-item_card__2SOIM
14:28:46 INFO  application.MyListener - The element -->By.cssSelector: .contact-item_card__2SOIMwas found
14:28:46 INFO  application.MyListener - Start find element by -->By.cssSelector: .contact-item_card__2SOIM
14:28:56 INFO  application.MyListener - The element -->By.cssSelector: .contact-item_card__2SOIMwas found
14:28:56 INFO  tests.TestBase - End of method --> addContactTestCSV
14:28:59 INFO  application.AppManager - Start in browser CHROME
14:29:01 INFO  tests.TestBase - Start method  --> loginTestBase
14:29:01 INFO  application.MyListener - Start find element by -->By.xpath: //*[.='Sign Out']
14:29:11 INFO  application.MyListener - The element -->By.xpath: //*[.='Sign Out']was found
14:29:11 INFO  application.MyListener - Start find element by -->By.xpath: //a[.='LOGIN']
14:29:11 INFO  application.MyListener - The element -->By.xpath: //a[.='LOGIN']was found
14:29:11 INFO  application.MyListener - Start find element by -->By.xpath: //input[@placeholder='Email']
14:29:11 INFO  application.MyListener - The element -->By.xpath: //input[@placeholder='Email']was found
14:29:11 INFO  application.MyListener - Start find element by -->By.xpath: //input[@placeholder='Password']
14:29:11 INFO  application.MyListener - The element -->By.xpath: //input[@placeholder='Password']was found
14:29:12 INFO  tests.TestBase - Login with --> email: "anat@gmail.com", password: "Aa12345$"
14:29:12 INFO  application.MyListener - Start find element by -->By.xpath: //button[.=' Login']
14:29:12 INFO  application.MyListener - The element -->By.xpath: //button[.=' Login']was found
14:29:12 INFO  application.MyListener - Start find element by -->By.xpath: //*[.='Sign Out']
14:29:13 INFO  application.MyListener - The element -->By.xpath: //*[.='Sign Out']was found
14:29:14 INFO  application.MyListener - Start find element by -->By.xpath: //*[.='Sign Out']
14:29:14 INFO  application.MyListener - The element -->By.xpath: //*[.='Sign Out']was found
14:29:14 INFO  tests.TestBase - End of method --> loginTestBase
14:29:14 INFO  tests.TestBase - Start method  --> loginTestDP_CSV
14:29:14 INFO  application.MyListener - Start find element by -->By.xpath: //*[.='Sign Out']
14:29:14 INFO  application.MyListener - The element -->By.xpath: //*[.='Sign Out']was found
14:29:14 INFO  application.MyListener - Start find element by -->By.xpath: //*[.='Sign Out']
14:29:14 INFO  application.MyListener - The element -->By.xpath: //*[.='Sign Out']was found
14:29:14 INFO  application.MyListener - Start find element by -->By.xpath: //a[.='LOGIN']
14:29:14 INFO  application.MyListener - The element -->By.xpath: //a[.='LOGIN']was found
14:29:14 INFO  application.MyListener - Start find element by -->By.xpath: //input[@placeholder='Email']
14:29:14 INFO  application.MyListener - The element -->By.xpath: //input[@placeholder='Email']was found
14:29:14 INFO  application.MyListener - Start find element by -->By.xpath: //input[@placeholder='Password']
14:29:14 INFO  application.MyListener - The element -->By.xpath: //input[@placeholder='Password']was found
14:29:14 INFO  tests.TestBase - Login with --> email: "anat@gmail.com", password: "Aa12345$"
14:29:14 INFO  application.MyListener - Start find element by -->By.xpath: //button[.=' Login']
14:29:14 INFO  application.MyListener - The element -->By.xpath: //button[.=' Login']was found
14:29:14 INFO  application.MyListener - Start find element by -->By.xpath: //*[.='Sign Out']
14:29:14 INFO  application.MyListener - The element -->By.xpath: //*[.='Sign Out']was found
14:29:14 INFO  application.MyListener - Start find element by -->By.xpath: //*[.='Sign Out']
14:29:14 INFO  application.MyListener - The element -->By.xpath: //*[.='Sign Out']was found
14:29:14 INFO  tests.TestBase - End of method --> loginTestDP_CSV
14:29:14 INFO  tests.TestBase - Start method  --> loginTestDP_CSV
14:29:14 INFO  application.MyListener - Start find element by -->By.xpath: //*[.='Sign Out']
14:29:14 INFO  application.MyListener - The element -->By.xpath: //*[.='Sign Out']was found
14:29:14 INFO  application.MyListener - Start find element by -->By.xpath: //*[.='Sign Out']
14:29:14 INFO  application.MyListener - The element -->By.xpath: //*[.='Sign Out']was found
14:29:14 INFO  application.MyListener - Start find element by -->By.xpath: //a[.='LOGIN']
14:29:14 INFO  application.MyListener - The element -->By.xpath: //a[.='LOGIN']was found
14:29:14 INFO  application.MyListener - Start find element by -->By.xpath: //input[@placeholder='Email']
14:29:14 INFO  application.MyListener - The element -->By.xpath: //input[@placeholder='Email']was found
14:29:15 INFO  application.MyListener - Start find element by -->By.xpath: //input[@placeholder='Password']
14:29:15 INFO  application.MyListener - The element -->By.xpath: //input[@placeholder='Password']was found
14:29:15 INFO  tests.TestBase - Login with --> email: "anata@gmail.com", password: "Aa12345$"
14:29:15 INFO  application.MyListener - Start find element by -->By.xpath: //button[.=' Login']
14:29:15 INFO  application.MyListener - The element -->By.xpath: //button[.=' Login']was found
14:29:15 INFO  application.MyListener - Start find element by -->By.xpath: //*[.='Sign Out']
14:29:15 INFO  application.MyListener - The element -->By.xpath: //*[.='Sign Out']was found
14:29:15 INFO  application.MyListener - Start find element by -->By.xpath: //*[.='Sign Out']
14:29:15 INFO  application.MyListener - The element -->By.xpath: //*[.='Sign Out']was found
14:29:15 INFO  tests.TestBase - End of method --> loginTestDP_CSV
14:29:15 INFO  tests.TestBase - Start method  --> loginTestDP_CSV
14:29:15 INFO  application.MyListener - Start find element by -->By.xpath: //*[.='Sign Out']
14:29:15 INFO  application.MyListener - The element -->By.xpath: //*[.='Sign Out']was found
14:29:15 INFO  application.MyListener - Start find element by -->By.xpath: //*[.='Sign Out']
14:29:15 INFO  application.MyListener - The element -->By.xpath: //*[.='Sign Out']was found
14:29:15 INFO  application.MyListener - Start find element by -->By.xpath: //a[.='LOGIN']
14:29:15 INFO  application.MyListener - The element -->By.xpath: //a[.='LOGIN']was found
14:29:15 INFO  application.MyListener - Start find element by -->By.xpath: //input[@placeholder='Email']
14:29:15 INFO  application.MyListener - The element -->By.xpath: //input[@placeholder='Email']was found
14:29:15 INFO  application.MyListener - Start find element by -->By.xpath: //input[@placeholder='Password']
14:29:15 INFO  application.MyListener - The element -->By.xpath: //input[@placeholder='Password']was found
14:29:15 INFO  tests.TestBase - Login with --> email: "anatan@gmail.com", password: "Aa12345$"
14:29:15 INFO  application.MyListener - Start find element by -->By.xpath: //button[.=' Login']
14:29:15 INFO  application.MyListener - The element -->By.xpath: //button[.=' Login']was found
14:29:15 INFO  application.MyListener - Start find element by -->By.xpath: //*[.='Sign Out']
14:29:16 INFO  application.MyListener - The element -->By.xpath: //*[.='Sign Out']was found
14:29:16 INFO  application.MyListener - Start find element by -->By.xpath: //*[.='Sign Out']
14:29:16 INFO  application.MyListener - The element -->By.xpath: //*[.='Sign Out']was found
14:29:16 INFO  tests.TestBase - End of method --> loginTestDP_CSV
14:29:16 INFO  tests.TestBase - Start method  --> loginTestDataProviderClass
14:29:16 INFO  application.MyListener - Start find element by -->By.xpath: //*[.='Sign Out']
14:29:16 INFO  application.MyListener - The element -->By.xpath: //*[.='Sign Out']was found
14:29:16 INFO  application.MyListener - Start find element by -->By.xpath: //*[.='Sign Out']
14:29:16 INFO  application.MyListener - The element -->By.xpath: //*[.='Sign Out']was found
14:29:16 INFO  application.MyListener - Start find element by -->By.xpath: //a[.='LOGIN']
14:29:16 INFO  application.MyListener - The element -->By.xpath: //a[.='LOGIN']was found
14:29:16 INFO  application.MyListener - Start find element by -->By.xpath: //input[@placeholder='Email']
14:29:16 INFO  application.MyListener - The element -->By.xpath: //input[@placeholder='Email']was found
14:29:16 INFO  application.MyListener - Start find element by -->By.xpath: //input[@placeholder='Password']
14:29:16 INFO  application.MyListener - The element -->By.xpath: //input[@placeholder='Password']was found
14:29:16 INFO  application.MyListener - Start find element by -->By.xpath: //button[.=' Login']
14:29:16 INFO  application.MyListener - The element -->By.xpath: //button[.=' Login']was found
14:29:16 INFO  application.MyListener - Start find element by -->By.xpath: //a[.='CONTACTS']
14:29:16 INFO  application.MyListener - The element -->By.xpath: //a[.='CONTACTS']was found
14:29:16 INFO  application.MyListener - Start find element by -->By.xpath: //*[.='Sign Out']
14:29:16 INFO  application.MyListener - The element -->By.xpath: //*[.='Sign Out']was found
14:29:16 INFO  tests.TestBase - End of method --> loginTestDataProviderClass
14:29:16 INFO  tests.TestBase - Start method  --> loginTestDataProviderClass
14:29:16 INFO  application.MyListener - Start find element by -->By.xpath: //*[.='Sign Out']
14:29:16 INFO  application.MyListener - The element -->By.xpath: //*[.='Sign Out']was found
14:29:16 INFO  application.MyListener - Start find element by -->By.xpath: //*[.='Sign Out']
14:29:16 INFO  application.MyListener - The element -->By.xpath: //*[.='Sign Out']was found
14:29:17 INFO  application.MyListener - Start find element by -->By.xpath: //a[.='LOGIN']
14:29:17 INFO  application.MyListener - The element -->By.xpath: //a[.='LOGIN']was found
14:29:17 INFO  application.MyListener - Start find element by -->By.xpath: //input[@placeholder='Email']
14:29:17 INFO  application.MyListener - The element -->By.xpath: //input[@placeholder='Email']was found
14:29:17 INFO  application.MyListener - Start find element by -->By.xpath: //input[@placeholder='Password']
14:29:17 INFO  application.MyListener - The element -->By.xpath: //input[@placeholder='Password']was found
14:29:17 INFO  application.MyListener - Start find element by -->By.xpath: //button[.=' Login']
14:29:17 INFO  application.MyListener - The element -->By.xpath: //button[.=' Login']was found
14:29:17 INFO  application.MyListener - Start find element by -->By.xpath: //a[.='CONTACTS']
14:29:17 INFO  application.MyListener - The element -->By.xpath: //a[.='CONTACTS']was found
14:29:17 INFO  application.MyListener - Start find element by -->By.xpath: //*[.='Sign Out']
14:29:17 INFO  application.MyListener - The element -->By.xpath: //*[.='Sign Out']was found
14:29:17 INFO  tests.TestBase - End of method --> loginTestDataProviderClass
14:29:17 INFO  tests.TestBase - Start method  --> loginTestDataProviderClass
14:29:17 INFO  application.MyListener - Start find element by -->By.xpath: //*[.='Sign Out']
14:29:17 INFO  application.MyListener - The element -->By.xpath: //*[.='Sign Out']was found
14:29:17 INFO  application.MyListener - Start find element by -->By.xpath: //*[.='Sign Out']
14:29:17 INFO  application.MyListener - The element -->By.xpath: //*[.='Sign Out']was found
14:29:17 INFO  application.MyListener - Start find element by -->By.xpath: //a[.='LOGIN']
14:29:17 INFO  application.MyListener - The element -->By.xpath: //a[.='LOGIN']was found
14:29:17 INFO  application.MyListener - Start find element by -->By.xpath: //input[@placeholder='Email']
14:29:17 INFO  application.MyListener - The element -->By.xpath: //input[@placeholder='Email']was found
14:29:17 INFO  application.MyListener - Start find element by -->By.xpath: //input[@placeholder='Password']
14:29:17 INFO  application.MyListener - The element -->By.xpath: //input[@placeholder='Password']was found
14:29:18 INFO  application.MyListener - Start find element by -->By.xpath: //button[.=' Login']
14:29:18 INFO  application.MyListener - The element -->By.xpath: //button[.=' Login']was found
14:29:18 INFO  application.MyListener - Start find element by -->By.xpath: //a[.='CONTACTS']
14:29:18 INFO  application.MyListener - The element -->By.xpath: //a[.='CONTACTS']was found
14:29:18 INFO  application.MyListener - Start find element by -->By.xpath: //*[.='Sign Out']
14:29:18 INFO  application.MyListener - The element -->By.xpath: //*[.='Sign Out']was found
14:29:18 INFO  tests.TestBase - End of method --> loginTestDataProviderClass
14:29:20 INFO  application.AppManager - Start in browser CHROME
14:29:22 INFO  tests.TestBase - Start method  --> quicktest
14:29:22 INFO  tests.TestBase - End of method --> quicktest
14:29:24 INFO  application.AppManager - Start in browser CHROME
14:29:25 INFO  tests.TestBase - Start method  --> removeAllContacts
14:29:25 INFO  application.MyListener - Start find element by -->By.xpath: //*[.='Sign Out']
14:29:35 INFO  application.MyListener - The element -->By.xpath: //*[.='Sign Out']was found
14:29:35 INFO  application.MyListener - Start find element by -->By.xpath: //a[.='LOGIN']
14:29:35 INFO  application.MyListener - The element -->By.xpath: //a[.='LOGIN']was found
14:29:35 INFO  application.MyListener - Start find element by -->By.xpath: //input[@placeholder='Email']
14:29:35 INFO  application.MyListener - The element -->By.xpath: //input[@placeholder='Email']was found
14:29:35 INFO  application.MyListener - Start find element by -->By.xpath: //input[@placeholder='Password']
14:29:35 INFO  application.MyListener - The element -->By.xpath: //input[@placeholder='Password']was found
14:29:36 INFO  application.MyListener - Start find element by -->By.xpath: //button[.=' Login']
14:29:36 INFO  application.MyListener - The element -->By.xpath: //button[.=' Login']was found
14:29:36 INFO  application.MyListener - Start find element by -->By.xpath: //*[.='ADD']
14:29:36 INFO  application.MyListener - The element -->By.xpath: //*[.='ADD']was found
14:29:36 INFO  application.MyListener - Start find element by -->By.xpath: //a[.='ADD']
14:29:36 INFO  application.MyListener - The element -->By.xpath: //a[.='ADD']was found
14:29:37 INFO  application.MyListener - Start find element by -->By.cssSelector: [placeholder='Name']
14:29:37 INFO  application.MyListener - The element -->By.cssSelector: [placeholder='Name']was found
14:29:37 INFO  application.MyListener - Start find element by -->By.cssSelector: [placeholder='Last Name']
14:29:37 INFO  application.MyListener - The element -->By.cssSelector: [placeholder='Last Name']was found
14:29:37 INFO  application.MyListener - Start find element by -->By.cssSelector: [placeholder='Phone']
14:29:37 INFO  application.MyListener - The element -->By.cssSelector: [placeholder='Phone']was found
14:29:37 INFO  application.MyListener - Start find element by -->By.cssSelector: [placeholder='email']
14:29:37 INFO  application.MyListener - The element -->By.cssSelector: [placeholder='email']was found
14:29:37 INFO  application.MyListener - Start find element by -->By.cssSelector: [placeholder='Address']
14:29:37 INFO  application.MyListener - The element -->By.cssSelector: [placeholder='Address']was found
14:29:37 INFO  application.MyListener - Start find element by -->By.cssSelector: [placeholder='description']
14:29:37 INFO  application.MyListener - The element -->By.cssSelector: [placeholder='description']was found
14:29:37 INFO  application.MyListener - Start find element by -->By.xpath: //button/b
14:29:37 INFO  application.MyListener - The element -->By.xpath: //button/bwas found
14:29:37 INFO  application.MyListener - Start find element by -->By.xpath: //h3
14:29:38 INFO  application.MyListener - The element -->By.xpath: //h3was found
14:29:38 INFO  application.MyListener - Start find element by -->By.cssSelector: .contact-item_card__2SOIM
14:29:38 INFO  application.MyListener - The element -->By.cssSelector: .contact-item_card__2SOIMwas found
14:29:38 INFO  application.MyListener - Start find element by -->By.cssSelector: .contact-item_card__2SOIM
14:29:38 INFO  application.MyListener - The element -->By.cssSelector: .contact-item_card__2SOIMwas found
14:29:38 INFO  application.MyListener - Start find element by -->By.cssSelector: .contact-item_card__2SOIM
14:29:38 INFO  application.MyListener - The element -->By.cssSelector: .contact-item_card__2SOIMwas found
14:29:38 INFO  application.MyListener - Start find element by -->By.cssSelector: .contact-item_card__2SOIM
14:29:38 INFO  application.MyListener - The element -->By.cssSelector: .contact-item_card__2SOIMwas found
14:29:38 INFO  application.MyListener - Start find element by -->By.xpath: //button[.='Remove']
14:29:38 INFO  application.MyListener - The element -->By.xpath: //button[.='Remove']was found
14:29:40 INFO  application.MyListener - Start find element by -->By.cssSelector: .contact-item_card__2SOIM
14:29:50 INFO  application.MyListener - The element -->By.cssSelector: .contact-item_card__2SOIMwas found
14:29:50 INFO  application.MyListener - Start find element by -->By.cssSelector: .contact-item_card__2SOIM
14:30:00 INFO  application.MyListener - The element -->By.cssSelector: .contact-item_card__2SOIMwas found
14:30:00 INFO  tests.TestBase - End of method --> removeAllContacts
14:30:00 INFO  tests.TestBase - Start method  --> removeOneContact
14:30:00 INFO  application.MyListener - Start find element by -->By.xpath: //*[.='Sign Out']
14:30:00 INFO  application.MyListener - The element -->By.xpath: //*[.='Sign Out']was found
14:30:00 INFO  application.MyListener - Start find element by -->By.xpath: //a[.='ADD']
14:30:00 INFO  application.MyListener - The element -->By.xpath: //a[.='ADD']was found
14:30:00 INFO  application.MyListener - Start find element by -->By.cssSelector: [placeholder='Name']
14:30:00 INFO  application.MyListener - The element -->By.cssSelector: [placeholder='Name']was found
14:30:00 INFO  application.MyListener - Start find element by -->By.cssSelector: [placeholder='Last Name']
14:30:00 INFO  application.MyListener - The element -->By.cssSelector: [placeholder='Last Name']was found
14:30:01 INFO  application.MyListener - Start find element by -->By.cssSelector: [placeholder='Phone']
14:30:01 INFO  application.MyListener - The element -->By.cssSelector: [placeholder='Phone']was found
14:30:01 INFO  application.MyListener - Start find element by -->By.cssSelector: [placeholder='email']
14:30:01 INFO  application.MyListener - The element -->By.cssSelector: [placeholder='email']was found
14:30:01 INFO  application.MyListener - Start find element by -->By.cssSelector: [placeholder='Address']
14:30:01 INFO  application.MyListener - The element -->By.cssSelector: [placeholder='Address']was found
14:30:01 INFO  application.MyListener - Start find element by -->By.cssSelector: [placeholder='description']
14:30:01 INFO  application.MyListener - The element -->By.cssSelector: [placeholder='description']was found
14:30:01 INFO  application.MyListener - Start find element by -->By.xpath: //button/b
14:30:01 INFO  application.MyListener - The element -->By.xpath: //button/bwas found
14:30:01 INFO  application.MyListener - Start find element by -->By.xpath: //h3
14:30:02 INFO  application.MyListener - The element -->By.xpath: //h3was found
14:30:02 INFO  application.MyListener - Start find element by -->By.cssSelector: .contact-item_card__2SOIM
14:30:02 INFO  application.MyListener - The element -->By.cssSelector: .contact-item_card__2SOIMwas found
14:30:02 INFO  application.MyListener - Start find element by -->By.cssSelector: .contact-item_card__2SOIM
14:30:02 INFO  application.MyListener - The element -->By.cssSelector: .contact-item_card__2SOIMwas found
14:30:02 INFO  application.MyListener - Start find element by -->By.xpath: //button[.='Remove']
14:30:02 INFO  application.MyListener - The element -->By.xpath: //button[.='Remove']was found
14:30:04 INFO  application.MyListener - Start find element by -->By.cssSelector: .contact-item_card__2SOIM
14:30:14 INFO  application.MyListener - The element -->By.cssSelector: .contact-item_card__2SOIMwas found
14:30:14 INFO  tests.TestBase - End of method --> removeOneContact
14:30:16 INFO  application.AppManager - Start in browser CHROME
14:30:18 INFO  tests.TestBase - Start method  --> smokeTest
14:30:18 INFO  tests.TestBase - End of method --> smokeTest
