03:02:52 INFO  application.AppManager - Start in browser FIREFOX
03:02:53 INFO  tests.TestBase - Start method  --> smokeTest
03:02:53 INFO  tests.TestBase - End of method --> smokeTest
03:04:11 INFO  application.AppManager - Start in browser FIREFOX
03:04:12 INFO  tests.TestBase - Start method  --> quicktest
03:04:12 INFO  tests.TestBase - End of method --> quicktest
03:05:30 INFO  application.AppManager - Start in browser FIREFOX
03:05:31 INFO  tests.TestBase - Start method  --> loginTestBase
03:05:31 INFO  application.MyListener - Start find element by -->By.xpath: //*[.='Sign Out']
03:05:41 INFO  application.MyListener - The element -->By.xpath: //*[.='Sign Out']was found
03:05:41 INFO  application.MyListener - Start find element by -->By.xpath: //a[.='LOGIN']
03:05:41 INFO  application.MyListener - The element -->By.xpath: //a[.='LOGIN']was found
03:05:41 INFO  application.MyListener - Start find element by -->By.xpath: //input[@placeholder='Email']
03:05:42 INFO  application.MyListener - The element -->By.xpath: //input[@placeholder='Email']was found
03:05:42 INFO  application.MyListener - Start find element by -->By.xpath: //input[@placeholder='Password']
03:05:42 INFO  application.MyListener - The element -->By.xpath: //input[@placeholder='Password']was found
03:05:42 INFO  tests.TestBase - Login with --> email: "anat@gmail.com", password: "Aa12345$"
03:05:42 INFO  application.MyListener - Start find element by -->By.xpath: //button[.=' Login']
03:05:42 INFO  application.MyListener - The element -->By.xpath: //button[.=' Login']was found
03:05:43 INFO  application.MyListener - Start find element by -->By.xpath: //*[.='Sign Out']
03:05:43 INFO  application.MyListener - The element -->By.xpath: //*[.='Sign Out']was found
03:05:44 INFO  application.MyListener - Start find element by -->By.xpath: //*[.='Sign Out']
03:05:44 INFO  application.MyListener - The element -->By.xpath: //*[.='Sign Out']was found
03:05:44 INFO  tests.TestBase - End of method --> loginTestBase
03:05:44 INFO  tests.TestBase - Start method  --> loginTestDP_CSV
03:05:44 INFO  application.MyListener - Start find element by -->By.xpath: //*[.='Sign Out']
03:05:44 INFO  application.MyListener - The element -->By.xpath: //*[.='Sign Out']was found
03:05:44 INFO  application.MyListener - Start find element by -->By.xpath: //*[.='Sign Out']
03:05:44 INFO  application.MyListener - The element -->By.xpath: //*[.='Sign Out']was found
03:05:44 INFO  application.MyListener - Start find element by -->By.xpath: //a[.='LOGIN']
03:05:44 INFO  application.MyListener - The element -->By.xpath: //a[.='LOGIN']was found
03:05:44 INFO  application.MyListener - Start find element by -->By.xpath: //input[@placeholder='Email']
03:05:44 INFO  application.MyListener - The element -->By.xpath: //input[@placeholder='Email']was found
03:05:45 INFO  application.MyListener - Start find element by -->By.xpath: //input[@placeholder='Password']
03:05:45 INFO  application.MyListener - The element -->By.xpath: //input[@placeholder='Password']was found
03:05:45 INFO  tests.TestBase - Login with --> email: "anat@gmail.com", password: "Aa12345$"
03:05:45 INFO  application.MyListener - Start find element by -->By.xpath: //button[.=' Login']
03:05:45 INFO  application.MyListener - The element -->By.xpath: //button[.=' Login']was found
03:05:45 INFO  application.MyListener - Start find element by -->By.xpath: //*[.='Sign Out']
03:05:45 INFO  application.MyListener - The element -->By.xpath: //*[.='Sign Out']was found
03:05:45 INFO  application.MyListener - Start find element by -->By.xpath: //*[.='Sign Out']
03:05:45 INFO  application.MyListener - The element -->By.xpath: //*[.='Sign Out']was found
03:05:45 INFO  tests.TestBase - End of method --> loginTestDP_CSV
03:05:45 INFO  tests.TestBase - Start method  --> loginTestDP_CSV
03:05:45 INFO  application.MyListener - Start find element by -->By.xpath: //*[.='Sign Out']
03:05:45 INFO  application.MyListener - The element -->By.xpath: //*[.='Sign Out']was found
03:05:45 INFO  application.MyListener - Start find element by -->By.xpath: //*[.='Sign Out']
03:05:45 INFO  application.MyListener - The element -->By.xpath: //*[.='Sign Out']was found
03:05:45 INFO  application.MyListener - Start find element by -->By.xpath: //a[.='LOGIN']
03:05:46 INFO  application.MyListener - The element -->By.xpath: //a[.='LOGIN']was found
03:05:46 INFO  application.MyListener - Start find element by -->By.xpath: //input[@placeholder='Email']
03:05:46 INFO  application.MyListener - The element -->By.xpath: //input[@placeholder='Email']was found
03:05:46 INFO  application.MyListener - Start find element by -->By.xpath: //input[@placeholder='Password']
03:05:46 INFO  application.MyListener - The element -->By.xpath: //input[@placeholder='Password']was found
03:05:46 INFO  tests.TestBase - Login with --> email: "anata@gmail.com", password: "Aa12345$"
03:05:46 INFO  application.MyListener - Start find element by -->By.xpath: //button[.=' Login']
03:05:46 INFO  application.MyListener - The element -->By.xpath: //button[.=' Login']was found
03:05:47 INFO  application.MyListener - Start find element by -->By.xpath: //*[.='Sign Out']
03:05:47 INFO  application.MyListener - The element -->By.xpath: //*[.='Sign Out']was found
03:05:47 INFO  application.MyListener - Start find element by -->By.xpath: //*[.='Sign Out']
03:05:47 INFO  application.MyListener - The element -->By.xpath: //*[.='Sign Out']was found
03:05:47 INFO  tests.TestBase - End of method --> loginTestDP_CSV
03:05:47 INFO  tests.TestBase - Start method  --> loginTestDP_CSV
03:05:47 INFO  application.MyListener - Start find element by -->By.xpath: //*[.='Sign Out']
03:05:47 INFO  application.MyListener - The element -->By.xpath: //*[.='Sign Out']was found
03:05:47 INFO  application.MyListener - Start find element by -->By.xpath: //*[.='Sign Out']
03:05:47 INFO  application.MyListener - The element -->By.xpath: //*[.='Sign Out']was found
03:05:47 INFO  application.MyListener - Start find element by -->By.xpath: //a[.='LOGIN']
03:05:47 INFO  application.MyListener - The element -->By.xpath: //a[.='LOGIN']was found
03:05:47 INFO  application.MyListener - Start find element by -->By.xpath: //input[@placeholder='Email']
03:05:47 INFO  application.MyListener - The element -->By.xpath: //input[@placeholder='Email']was found
03:05:47 INFO  application.MyListener - Start find element by -->By.xpath: //input[@placeholder='Password']
03:05:47 INFO  application.MyListener - The element -->By.xpath: //input[@placeholder='Password']was found
03:05:48 INFO  tests.TestBase - Login with --> email: "anatan@gmail.com", password: "Aa12345$"
03:05:48 INFO  application.MyListener - Start find element by -->By.xpath: //button[.=' Login']
03:05:48 INFO  application.MyListener - The element -->By.xpath: //button[.=' Login']was found
03:05:48 INFO  application.MyListener - Start find element by -->By.xpath: //*[.='Sign Out']
03:05:48 INFO  application.MyListener - The element -->By.xpath: //*[.='Sign Out']was found
03:05:48 INFO  application.MyListener - Start find element by -->By.xpath: //*[.='Sign Out']
03:05:48 INFO  application.MyListener - The element -->By.xpath: //*[.='Sign Out']was found
03:05:48 INFO  tests.TestBase - End of method --> loginTestDP_CSV
03:05:48 INFO  tests.TestBase - Start method  --> loginTestDataProviderClass
03:05:48 INFO  application.MyListener - Start find element by -->By.xpath: //*[.='Sign Out']
03:05:48 INFO  application.MyListener - The element -->By.xpath: //*[.='Sign Out']was found
03:05:48 INFO  application.MyListener - Start find element by -->By.xpath: //*[.='Sign Out']
03:05:48 INFO  application.MyListener - The element -->By.xpath: //*[.='Sign Out']was found
03:05:48 INFO  application.MyListener - Start find element by -->By.xpath: //a[.='LOGIN']
03:05:48 INFO  application.MyListener - The element -->By.xpath: //a[.='LOGIN']was found
03:05:49 INFO  application.MyListener - Start find element by -->By.xpath: //input[@placeholder='Email']
03:05:49 INFO  application.MyListener - The element -->By.xpath: //input[@placeholder='Email']was found
03:05:49 INFO  application.MyListener - Start find element by -->By.xpath: //input[@placeholder='Password']
03:05:49 INFO  application.MyListener - The element -->By.xpath: //input[@placeholder='Password']was found
03:05:49 INFO  application.MyListener - Start find element by -->By.xpath: //button[.=' Login']
03:05:49 INFO  application.MyListener - The element -->By.xpath: //button[.=' Login']was found
03:05:49 INFO  application.MyListener - Start find element by -->By.xpath: //a[.='CONTACTS']
03:05:49 INFO  application.MyListener - The element -->By.xpath: //a[.='CONTACTS']was found
03:05:50 INFO  application.MyListener - Start find element by -->By.xpath: //*[.='Sign Out']
03:05:50 INFO  application.MyListener - The element -->By.xpath: //*[.='Sign Out']was found
03:05:50 INFO  tests.TestBase - End of method --> loginTestDataProviderClass
03:05:50 INFO  tests.TestBase - Start method  --> loginTestDataProviderClass
03:05:50 INFO  application.MyListener - Start find element by -->By.xpath: //*[.='Sign Out']
03:05:50 INFO  application.MyListener - The element -->By.xpath: //*[.='Sign Out']was found
03:05:50 INFO  application.MyListener - Start find element by -->By.xpath: //*[.='Sign Out']
03:05:50 INFO  application.MyListener - The element -->By.xpath: //*[.='Sign Out']was found
03:05:50 INFO  application.MyListener - Start find element by -->By.xpath: //a[.='LOGIN']
03:05:50 INFO  application.MyListener - The element -->By.xpath: //a[.='LOGIN']was found
03:05:50 INFO  application.MyListener - Start find element by -->By.xpath: //input[@placeholder='Email']
03:05:50 INFO  application.MyListener - The element -->By.xpath: //input[@placeholder='Email']was found
03:05:50 INFO  application.MyListener - Start find element by -->By.xpath: //input[@placeholder='Password']
03:05:50 INFO  application.MyListener - The element -->By.xpath: //input[@placeholder='Password']was found
03:05:51 INFO  application.MyListener - Start find element by -->By.xpath: //button[.=' Login']
03:05:51 INFO  application.MyListener - The element -->By.xpath: //button[.=' Login']was found
03:05:51 INFO  application.MyListener - Start find element by -->By.xpath: //a[.='CONTACTS']
03:05:51 INFO  application.MyListener - The element -->By.xpath: //a[.='CONTACTS']was found
03:05:51 INFO  application.MyListener - Start find element by -->By.xpath: //*[.='Sign Out']
03:05:51 INFO  application.MyListener - The element -->By.xpath: //*[.='Sign Out']was found
03:05:51 INFO  tests.TestBase - End of method --> loginTestDataProviderClass
03:05:51 INFO  tests.TestBase - Start method  --> loginTestDataProviderClass
03:05:51 INFO  application.MyListener - Start find element by -->By.xpath: //*[.='Sign Out']
03:05:51 INFO  application.MyListener - The element -->By.xpath: //*[.='Sign Out']was found
03:05:51 INFO  application.MyListener - Start find element by -->By.xpath: //*[.='Sign Out']
03:05:51 INFO  application.MyListener - The element -->By.xpath: //*[.='Sign Out']was found
03:05:51 INFO  application.MyListener - Start find element by -->By.xpath: //a[.='LOGIN']
03:05:51 INFO  application.MyListener - The element -->By.xpath: //a[.='LOGIN']was found
03:05:51 INFO  application.MyListener - Start find element by -->By.xpath: //input[@placeholder='Email']
03:05:51 INFO  application.MyListener - The element -->By.xpath: //input[@placeholder='Email']was found
03:05:52 INFO  application.MyListener - Start find element by -->By.xpath: //input[@placeholder='Password']
03:05:52 INFO  application.MyListener - The element -->By.xpath: //input[@placeholder='Password']was found
03:05:52 INFO  application.MyListener - Start find element by -->By.xpath: //button[.=' Login']
03:05:52 INFO  application.MyListener - The element -->By.xpath: //button[.=' Login']was found
03:05:52 INFO  application.MyListener - Start find element by -->By.xpath: //a[.='CONTACTS']
03:05:52 INFO  application.MyListener - The element -->By.xpath: //a[.='CONTACTS']was found
03:05:52 INFO  application.MyListener - Start find element by -->By.xpath: //*[.='Sign Out']
03:05:52 INFO  application.MyListener - The element -->By.xpath: //*[.='Sign Out']was found
03:05:52 INFO  tests.TestBase - End of method --> loginTestDataProviderClass
