18:30:48 INFO  application.AppManager - Start in browser FIREFOX
18:30:50 INFO  tests.TestBase - Start method  --> smokeTest
18:30:50 INFO  tests.TestBase - End of method --> smokeTest
18:31:01 INFO  application.AppManager - Start in browser FIREFOX
18:31:04 INFO  tests.TestBase - Start method  --> quicktest
18:31:04 INFO  tests.TestBase - End of method --> quicktest
18:32:37 INFO  application.AppManager - Start in browser FIREFOX
18:32:39 INFO  tests.TestBase - Start method  --> loginTestBase
18:32:39 INFO  application.MyListener - Start find element by -->By.xpath: //*[.='Sign Out']
18:32:49 INFO  application.MyListener - The element -->By.xpath: //*[.='Sign Out']was found
18:32:49 INFO  application.MyListener - Start find element by -->By.xpath: //a[.='LOGIN']
18:32:49 INFO  application.MyListener - The element -->By.xpath: //a[.='LOGIN']was found
18:32:50 INFO  application.MyListener - Start find element by -->By.xpath: //input[@placeholder='Email']
18:32:50 INFO  application.MyListener - The element -->By.xpath: //input[@placeholder='Email']was found
18:32:51 INFO  application.MyListener - Start find element by -->By.xpath: //input[@placeholder='Password']
18:32:51 INFO  application.MyListener - The element -->By.xpath: //input[@placeholder='Password']was found
18:32:51 INFO  tests.TestBase - Login with --> email: "anat@gmail.com", password: "Aa12345$"
18:32:51 INFO  application.MyListener - Start find element by -->By.xpath: //button[.=' Login']
18:32:51 INFO  application.MyListener - The element -->By.xpath: //button[.=' Login']was found
18:32:51 INFO  application.MyListener - Start find element by -->By.xpath: //*[.='Sign Out']
18:32:52 INFO  application.MyListener - The element -->By.xpath: //*[.='Sign Out']was found
18:32:52 INFO  application.MyListener - Start find element by -->By.xpath: //*[.='Sign Out']
18:32:52 INFO  application.MyListener - The element -->By.xpath: //*[.='Sign Out']was found
18:32:52 INFO  tests.TestBase - End of method --> loginTestBase
18:32:52 INFO  tests.TestBase - Start method  --> loginTestDP_CSV
18:32:52 INFO  application.MyListener - Start find element by -->By.xpath: //*[.='Sign Out']
18:32:52 INFO  application.MyListener - The element -->By.xpath: //*[.='Sign Out']was found
18:32:52 INFO  application.MyListener - Start find element by -->By.xpath: //*[.='Sign Out']
18:32:52 INFO  application.MyListener - The element -->By.xpath: //*[.='Sign Out']was found
18:32:53 INFO  application.MyListener - Start find element by -->By.xpath: //a[.='LOGIN']
18:32:53 INFO  application.MyListener - The element -->By.xpath: //a[.='LOGIN']was found
18:32:53 INFO  application.MyListener - Start find element by -->By.xpath: //input[@placeholder='Email']
18:32:53 INFO  application.MyListener - The element -->By.xpath: //input[@placeholder='Email']was found
18:32:53 INFO  application.MyListener - Start find element by -->By.xpath: //input[@placeholder='Password']
18:32:53 INFO  application.MyListener - The element -->By.xpath: //input[@placeholder='Password']was found
18:32:53 INFO  tests.TestBase - Login with --> email: "anat@gmail.com", password: "Aa12345$"
18:32:53 INFO  application.MyListener - Start find element by -->By.xpath: //button[.=' Login']
18:32:53 INFO  application.MyListener - The element -->By.xpath: //button[.=' Login']was found
18:32:54 INFO  application.MyListener - Start find element by -->By.xpath: //*[.='Sign Out']
18:32:54 INFO  application.MyListener - The element -->By.xpath: //*[.='Sign Out']was found
18:32:54 INFO  application.MyListener - Start find element by -->By.xpath: //*[.='Sign Out']
18:32:54 INFO  application.MyListener - The element -->By.xpath: //*[.='Sign Out']was found
18:32:54 INFO  tests.TestBase - End of method --> loginTestDP_CSV
18:32:54 INFO  tests.TestBase - Start method  --> loginTestDP_CSV
18:32:54 INFO  application.MyListener - Start find element by -->By.xpath: //*[.='Sign Out']
18:32:54 INFO  application.MyListener - The element -->By.xpath: //*[.='Sign Out']was found
18:32:54 INFO  application.MyListener - Start find element by -->By.xpath: //*[.='Sign Out']
18:32:54 INFO  application.MyListener - The element -->By.xpath: //*[.='Sign Out']was found
18:32:54 INFO  application.MyListener - Start find element by -->By.xpath: //a[.='LOGIN']
18:32:54 INFO  application.MyListener - The element -->By.xpath: //a[.='LOGIN']was found
18:32:54 INFO  application.MyListener - Start find element by -->By.xpath: //input[@placeholder='Email']
18:32:54 INFO  application.MyListener - The element -->By.xpath: //input[@placeholder='Email']was found
18:32:55 INFO  application.MyListener - Start find element by -->By.xpath: //input[@placeholder='Password']
18:32:55 INFO  application.MyListener - The element -->By.xpath: //input[@placeholder='Password']was found
18:32:55 INFO  tests.TestBase - Login with --> email: "anata@gmail.com", password: "Aa12345$"
18:32:55 INFO  application.MyListener - Start find element by -->By.xpath: //button[.=' Login']
18:32:55 INFO  application.MyListener - The element -->By.xpath: //button[.=' Login']was found
18:32:55 INFO  application.MyListener - Start find element by -->By.xpath: //*[.='Sign Out']
18:32:55 INFO  application.MyListener - The element -->By.xpath: //*[.='Sign Out']was found
18:32:55 INFO  application.MyListener - Start find element by -->By.xpath: //*[.='Sign Out']
18:32:55 INFO  application.MyListener - The element -->By.xpath: //*[.='Sign Out']was found
18:32:55 INFO  tests.TestBase - End of method --> loginTestDP_CSV
18:32:55 INFO  tests.TestBase - Start method  --> loginTestDP_CSV
18:32:55 INFO  application.MyListener - Start find element by -->By.xpath: //*[.='Sign Out']
18:32:55 INFO  application.MyListener - The element -->By.xpath: //*[.='Sign Out']was found
18:32:55 INFO  application.MyListener - Start find element by -->By.xpath: //*[.='Sign Out']
18:32:55 INFO  application.MyListener - The element -->By.xpath: //*[.='Sign Out']was found
18:32:55 INFO  application.MyListener - Start find element by -->By.xpath: //a[.='LOGIN']
18:32:55 INFO  application.MyListener - The element -->By.xpath: //a[.='LOGIN']was found
18:32:56 INFO  application.MyListener - Start find element by -->By.xpath: //input[@placeholder='Email']
18:32:56 INFO  application.MyListener - The element -->By.xpath: //input[@placeholder='Email']was found
18:32:56 INFO  application.MyListener - Start find element by -->By.xpath: //input[@placeholder='Password']
18:32:56 INFO  application.MyListener - The element -->By.xpath: //input[@placeholder='Password']was found
18:32:56 INFO  tests.TestBase - Login with --> email: "anatan@gmail.com", password: "Aa12345$"
18:32:56 INFO  application.MyListener - Start find element by -->By.xpath: //button[.=' Login']
18:32:56 INFO  application.MyListener - The element -->By.xpath: //button[.=' Login']was found
18:32:56 INFO  application.MyListener - Start find element by -->By.xpath: //*[.='Sign Out']
18:32:56 INFO  application.MyListener - The element -->By.xpath: //*[.='Sign Out']was found
18:32:57 INFO  application.MyListener - Start find element by -->By.xpath: //*[.='Sign Out']
18:32:57 INFO  application.MyListener - The element -->By.xpath: //*[.='Sign Out']was found
18:32:57 INFO  tests.TestBase - End of method --> loginTestDP_CSV
18:32:57 INFO  tests.TestBase - Start method  --> loginTestDataProviderClass
18:32:57 INFO  application.MyListener - Start find element by -->By.xpath: //*[.='Sign Out']
18:32:57 INFO  application.MyListener - The element -->By.xpath: //*[.='Sign Out']was found
18:32:57 INFO  application.MyListener - Start find element by -->By.xpath: //*[.='Sign Out']
18:32:57 INFO  application.MyListener - The element -->By.xpath: //*[.='Sign Out']was found
18:32:57 INFO  application.MyListener - Start find element by -->By.xpath: //a[.='LOGIN']
18:32:57 INFO  application.MyListener - The element -->By.xpath: //a[.='LOGIN']was found
18:32:57 INFO  application.MyListener - Start find element by -->By.xpath: //input[@placeholder='Email']
18:32:57 INFO  application.MyListener - The element -->By.xpath: //input[@placeholder='Email']was found
18:32:57 INFO  application.MyListener - Start find element by -->By.xpath: //input[@placeholder='Password']
18:32:57 INFO  application.MyListener - The element -->By.xpath: //input[@placeholder='Password']was found
18:32:58 INFO  application.MyListener - Start find element by -->By.xpath: //button[.=' Login']
18:32:58 INFO  application.MyListener - The element -->By.xpath: //button[.=' Login']was found
18:32:58 INFO  application.MyListener - Start find element by -->By.xpath: //a[.='CONTACTS']
18:32:58 INFO  application.MyListener - The element -->By.xpath: //a[.='CONTACTS']was found
18:32:58 INFO  application.MyListener - Start find element by -->By.xpath: //*[.='Sign Out']
18:32:58 INFO  application.MyListener - The element -->By.xpath: //*[.='Sign Out']was found
18:32:58 INFO  tests.TestBase - End of method --> loginTestDataProviderClass
18:32:58 INFO  tests.TestBase - Start method  --> loginTestDataProviderClass
18:32:58 INFO  application.MyListener - Start find element by -->By.xpath: //*[.='Sign Out']
18:32:58 INFO  application.MyListener - The element -->By.xpath: //*[.='Sign Out']was found
18:32:58 INFO  application.MyListener - Start find element by -->By.xpath: //*[.='Sign Out']
18:32:58 INFO  application.MyListener - The element -->By.xpath: //*[.='Sign Out']was found
18:32:58 INFO  application.MyListener - Start find element by -->By.xpath: //a[.='LOGIN']
18:32:58 INFO  application.MyListener - The element -->By.xpath: //a[.='LOGIN']was found
18:32:58 INFO  application.MyListener - Start find element by -->By.xpath: //input[@placeholder='Email']
18:32:58 INFO  application.MyListener - The element -->By.xpath: //input[@placeholder='Email']was found
18:32:59 INFO  application.MyListener - Start find element by -->By.xpath: //input[@placeholder='Password']
18:32:59 INFO  application.MyListener - The element -->By.xpath: //input[@placeholder='Password']was found
18:32:59 INFO  application.MyListener - Start find element by -->By.xpath: //button[.=' Login']
18:32:59 INFO  application.MyListener - The element -->By.xpath: //button[.=' Login']was found
18:32:59 INFO  application.MyListener - Start find element by -->By.xpath: //a[.='CONTACTS']
18:32:59 INFO  application.MyListener - The element -->By.xpath: //a[.='CONTACTS']was found
18:32:59 INFO  application.MyListener - Start find element by -->By.xpath: //*[.='Sign Out']
18:32:59 INFO  application.MyListener - The element -->By.xpath: //*[.='Sign Out']was found
18:32:59 INFO  tests.TestBase - End of method --> loginTestDataProviderClass
18:32:59 INFO  tests.TestBase - Start method  --> loginTestDataProviderClass
18:32:59 INFO  application.MyListener - Start find element by -->By.xpath: //*[.='Sign Out']
18:32:59 INFO  application.MyListener - The element -->By.xpath: //*[.='Sign Out']was found
18:32:59 INFO  application.MyListener - Start find element by -->By.xpath: //*[.='Sign Out']
18:32:59 INFO  application.MyListener - The element -->By.xpath: //*[.='Sign Out']was found
18:33:00 INFO  application.MyListener - Start find element by -->By.xpath: //a[.='LOGIN']
18:33:00 INFO  application.MyListener - The element -->By.xpath: //a[.='LOGIN']was found
18:33:00 INFO  application.MyListener - Start find element by -->By.xpath: //input[@placeholder='Email']
18:33:00 INFO  application.MyListener - The element -->By.xpath: //input[@placeholder='Email']was found
18:33:00 INFO  application.MyListener - Start find element by -->By.xpath: //input[@placeholder='Password']
18:33:00 INFO  application.MyListener - The element -->By.xpath: //input[@placeholder='Password']was found
18:33:00 INFO  application.MyListener - Start find element by -->By.xpath: //button[.=' Login']
18:33:00 INFO  application.MyListener - The element -->By.xpath: //button[.=' Login']was found
18:33:01 INFO  application.MyListener - Start find element by -->By.xpath: //a[.='CONTACTS']
18:33:01 INFO  application.MyListener - The element -->By.xpath: //a[.='CONTACTS']was found
18:33:01 INFO  application.MyListener - Start find element by -->By.xpath: //*[.='Sign Out']
18:33:01 INFO  application.MyListener - The element -->By.xpath: //*[.='Sign Out']was found
18:33:01 INFO  tests.TestBase - End of method --> loginTestDataProviderClass
