11:48:37 INFO  application.AppManager - Start in browser CHROME
11:48:39 INFO  tests.TestBase - Start method  --> removeOneContact
11:48:39 INFO  application.MyListener - Start find element by -->By.xpath: //*[.='Sign Out']
11:48:49 INFO  application.MyListener - The element -->By.xpath: //*[.='Sign Out']was found
11:48:49 INFO  application.MyListener - Start find element by -->By.xpath: //a[.='LOGIN']
11:48:49 INFO  application.MyListener - The element -->By.xpath: //a[.='LOGIN']was found
11:48:49 INFO  application.MyListener - Start find element by -->By.xpath: //input[@placeholder='Email']
11:48:49 INFO  application.MyListener - The element -->By.xpath: //input[@placeholder='Email']was found
11:48:49 INFO  application.MyListener - Start find element by -->By.xpath: //input[@placeholder='Password']
11:48:49 INFO  application.MyListener - The element -->By.xpath: //input[@placeholder='Password']was found
11:48:49 INFO  application.MyListener - Start find element by -->By.xpath: //button[.=' Login']
11:48:49 INFO  application.MyListener - The element -->By.xpath: //button[.=' Login']was found
11:48:49 INFO  application.MyListener - Start find element by -->By.xpath: //*[.='ADD']
11:48:50 INFO  application.MyListener - The element -->By.xpath: //*[.='ADD']was found
11:48:50 INFO  application.MyListener - Start find element by -->By.cssSelector: .contact-item_card__2SOIM
11:49:00 INFO  application.MyListener - The element -->By.cssSelector: .contact-item_card__2SOIMwas found
11:49:00 INFO  application.MyListener - Start find element by -->By.cssSelector: .contact-item_card__2SOIM
11:49:11 INFO  application.MyListener - Screen ->>src/test/screenshots/screen-2950.png
11:49:11 INFO  application.MyListener - no such element: Unable to locate element: {"method":"css selector","selector":".contact-item_card__2SOIM"}
  (Session info: chrome=92.0.4515.131)
For documentation on this error, please visit: https://www.seleniumhq.org/exceptions/no_such_element.html
Build info: version: '3.141.59', revision: 'e82be7d358', time: '2018-11-14T08:17:03'
System info: host: 'WIN-VLIAFR1P8UG', ip: '192.168.43.243', os.name: 'Windows 10', os.arch: 'amd64', os.version: '10.0', java.version: '11.0.10'
Driver info: org.openqa.selenium.chrome.ChromeDriver
Capabilities {acceptInsecureCerts: false, browserName: chrome, browserVersion: 92.0.4515.131, chrome: {chromedriverVersion: 92.0.4515.107 (87a818b10553..., userDataDir: C:\Users\User\AppData\Local...}, goog:chromeOptions: {debuggerAddress: localhost:51768}, javascriptEnabled: true, networkConnectionEnabled: false, pageLoadStrategy: normal, platform: WINDOWS, platformName: WINDOWS, proxy: Proxy(), setWindowRect: true, strictFileInteractability: false, timeouts: {implicit: 0, pageLoad: 300000, script: 30000}, unhandledPromptBehavior: dismiss and notify, webauthn:extension:credBlob: true, webauthn:extension:largeBlob: true, webauthn:virtualAuthenticators: true}
Session ID: 62d2194808a84060dec197ded90b97f2
*** Element info: {Using=css selector, value=.contact-item_card__2SOIM}
11:49:11 INFO  tests.TestBase - End of method --> removeOneContact
